2021-09-12 03:32:15,229:WARNING:discord.client: PyNaCl is not installed, voice will NOT be supported
2021-09-12 03:32:15,229:DEBUG:discord.client: on_ready has successfully been registered as an event
2021-09-12 03:32:15,229:DEBUG:discord.client: on_message has successfully been registered as an event
2021-09-12 03:32:15,230:INFO:discord.client: logging in using static token
2021-09-12 03:32:15,725:DEBUG:discord.http: GET https://discord.com/api/v7/users/@me with None has returned 200
2021-09-12 03:32:15,726:DEBUG:discord.http: GET https://discord.com/api/v7/users/@me has received {'id': '597882025243967512', 'username': 'Sinister', 'avatar': None, 'discriminator': '6508', 'public_flags': 0, 'flags': 0, 'bot': True, 'banner': None, 'banner_color': None, 'accent_color': None, 'bio': '', 'locale': 'en-US', 'mfa_enabled': True, 'email': None, 'verified': True}
2021-09-12 03:32:15,783:DEBUG:discord.http: GET https://discord.com/api/v7/gateway with None has returned 200
2021-09-12 03:32:15,784:DEBUG:discord.http: GET https://discord.com/api/v7/gateway has received {'url': 'wss://gateway.discord.gg'}
2021-09-12 03:32:16,221:DEBUG:discord.gateway: Created websocket connected to wss://gateway.discord.gg?encoding=json&v=6&compress=zlib-stream
2021-09-12 03:32:16,222:DEBUG:discord.client: Dispatching event socket_raw_receive
2021-09-12 03:32:16,222:DEBUG:discord.gateway: For Shard ID None: WebSocket Event: {'t': None, 's': None, 'op': 10, 'd': {'heartbeat_interval': 41250, '_trace': ['["gateway-prd-main-njg6",{"micros":0.0}]']}}
2021-09-12 03:32:16,223:DEBUG:discord.client: Dispatching event socket_response
2021-09-12 03:32:16,223:DEBUG:discord.client: Dispatching event socket_raw_send
2021-09-12 03:32:16,224:DEBUG:discord.client: Dispatching event socket_raw_send
2021-09-12 03:32:16,224:INFO:discord.gateway: Shard ID None has sent the IDENTIFY payload.
2021-09-12 03:32:16,541:DEBUG:discord.client: Dispatching event socket_raw_receive
2021-09-12 03:32:16,541:DEBUG:discord.gateway: For Shard ID None: WebSocket Event: {'t': None, 's': None, 'op': 11, 'd': None}
2021-09-12 03:32:16,542:DEBUG:discord.client: Dispatching event socket_response
2021-09-12 03:32:16,639:DEBUG:discord.client: Dispatching event socket_raw_receive
2021-09-12 03:32:16,640:DEBUG:discord.gateway: For Shard ID None: WebSocket Event: {'t': 'READY', 's': 1, 'op': 0, 'd': {'v': 6, 'user_settings': {}, 'user': {'verified': True, 'username': 'Sinister', 'mfa_enabled': True, 'id': '597882025243967512', 'flags': 0, 'email': None, 'discriminator': '6508', 'bot': True, 'avatar': None}, 'session_id': '292af343145ac258448672946854c0fe', 'relationships': [], 'private_channels': [], 'presences': [], 'guilds': [{'unavailable': True, 'id': '882565389802946580'}], 'guild_join_requests': [], 'geo_ordered_rtc_regions': ['india', 'dubai', 'singapore', 'hongkong', 'russia'], 'application': {'id': '597882025243967512', 'flags': 262144}, '_trace': ['["gateway-prd-main-njg6",{"micros":97826,"calls":["discord-sessions-blue-prd-2-148",{"micros":97114,"calls":["start_session",{"micros":68033,"calls":["api-prd-main-4hv8",{"micros":58570,"calls":["get_user",{"micros":6491},"add_authorized_ip",{"micros":2577},"get_guilds",{"micros":6792},"coros_wait",{"micros":1}]}]},"guilds_connect",{"micros":2,"calls":[]},"presence_connect",{"micros":21447,"calls":[]}]}]}]']}}
2021-09-12 03:32:16,640:DEBUG:discord.client: Dispatching event socket_response
2021-09-12 03:32:16,640:INFO:discord.gateway: Shard ID None has connected to Gateway: ["gateway-prd-main-njg6",{"micros":97826,"calls":["discord-sessions-blue-prd-2-148",{"micros":97114,"calls":["start_session",{"micros":68033,"calls":["api-prd-main-4hv8",{"micros":58570,"calls":["get_user",{"micros":6491},"add_authorized_ip",{"micros":2577},"get_guilds",{"micros":6792},"coros_wait",{"micros":1}]}]},"guilds_connect",{"micros":2,"calls":[]},"presence_connect",{"micros":21447,"calls":[]}]}]}] (Session ID: 292af343145ac258448672946854c0fe).
2021-09-12 03:32:16,658:DEBUG:discord.client: Dispatching event connect
2021-09-12 03:32:16,659:DEBUG:discord.client: Dispatching event socket_raw_receive
2021-09-12 03:32:16,660:DEBUG:discord.gateway: For Shard ID None: WebSocket Event: {'t': 'GUILD_CREATE', 's': 2, 'op': 0, 'd': {'icon': None, 'stage_instances': [], 'member_count': 6, 'lazy': True, 'name': 'Cave', 'guild_scheduled_events': [], 'max_video_channel_users': 25, 'application_command_counts': {'3': 0, '2': 0, '1': 0}, 'description': None, 'members': [{'user': {'username': 'Sinister', 'id': '597882025243967512', 'discriminator': '6508', 'bot': True, 'avatar': None}, 'roles': [], 'mute': False, 'joined_at': '2021-09-07T17:53:46.515000+00:00', 'hoisted_role': None, 'deaf': False}], 'max_members': 250000, 'guild_hashes': {'version': 1, 'roles': {'omitted': False, 'hash': 'cFVc1tSrvdY'}, 'metadata': {'omitted': False, 'hash': '7QxpGQqJ//Q'}, 'channels': {'omitted': False, 'hash': 'nBVHg5WGgZU'}}, 'owner_id': '339454502316933120', 'system_channel_id': None, 'roles': [{'position': 0, 'permissions_new': '1071698660929', 'permissions': 104320577, 'name': '@everyone', 'mentionable': False, 'managed': False, 'id': '882565389802946580', 'icon': None, 'hoist': False, 'color': 0}, {'position': 2, 'permissions_new': '522479726171', 'permissions': 641199707, 'name': '[DEV]', 'mentionable': False, 'managed': False, 'id': '885385456714407946', 'icon': None, 'hoist': False, 'color': 3066993}, {'tags': {'bot_id': '885531111437004850'}, 'position': 1, 'permissions_new': '397217496128', 'permissions': 2080504896, 'name': 'Sygmus', 'mentionable': False, 'managed': True, 'id': '885557516665241681', 'icon': None, 'hoist': False, 'color': 0}, {'tags': {'bot_id': '885846344714055691'}, 'position': 1, 'permissions_new': '534992251984', 'permissions': 268823632, 'name': 'Dark knight', 'mentionable': False, 'managed': True, 'id': '885861418027581483', 'icon': None, 'hoist': False, 'color': 0}], 'vanity_url_code': None, 'premium_tier': 0, 'afk_channel_id': None, 'banner': None, 'preferred_locale': 'en-US', 'splash': None, 'features': [], 'application_id': None, 'system_channel_flags': 0, 'presences': [], 'large': False, 'explicit_content_filter': 0, 'threads': [], 'rules_channel_id': None, 'nsfw_level': 0, 'nsfw': False, 'mfa_level': 0, 'default_message_notifications': 0, 'emojis': [], 'voice_states': [], 'verification_level': 0, 'id': '882565389802946580', 'channels': [{'type': 0, 'topic': None, 'rate_limit_per_user': 0, 'position': 12, 'permission_overwrites': [], 'parent_id': '885386480221057034', 'name': 'jokes', 'last_message_id': '885861772823789578', 'id': '882607662611705926'}, {'type': 0, 'topic': None, 'rate_limit_per_user': 0, 'position': 13, 'permission_overwrites': [], 'parent_id': '885386480221057034', 'name': 'dankmemes', 'last_message_id': '885862410693541960', 'id': '882891477938749490'}, {'type': 0, 'topic': None, 'rate_limit_per_user': 0, 'position': 14, 'permission_overwrites': [], 'parent_id': '885386480221057034', 'name': 'python', 'last_message_id': '885860320470528011', 'id': '882898095044702218'}, {'type': 0, 'topic': None, 'rate_limit_per_user': 0, 'position': 15, 'permission_overwrites': [], 'parent_id': '885386480221057034', 'name': 'opencv', 'last_message_id': '885844055953637456', 'id': '882907644082405436'}, {'type': 0, 'topic': None, 'rate_limit_per_user': 0, 'position': 16, 'permission_overwrites': [], 'parent_id': '885386480221057034', 'name': 'fountainpens', 'last_message_id': '885860723991937034', 'id': '882908802326859786'}, {'type': 0, 'topic': None, 'rate_limit_per_user': 0, 'position': 6, 'permission_overwrites': [], 'parent_id': '885386775885910056', 'name': 'playground', 'last_message_id': '886514386255106068', 'id': '884862058280132618'}, {'type': 4, 'position': 11, 'permission_overwrites': [{'type': 'role', 'id': '882565389802946580', 'deny_new': '1024', 'deny': 1024, 'allow_new': '0', 'allow': 0}, {'type': 'role', 'id': '885385456714407946', 'deny_new': '0', 'deny': 0, 'allow_new': '1024', 'allow': 1024}], 'name': 'REDDIT', 'id': '885386480221057034'}, {'type': 4, 'position': 5, 'permission_overwrites': [{'type': 'role', 'id': '882565389802946580', 'deny_new': '1024', 'deny': 1024, 'allow_new': '0', 'allow': 0}, {'type': 'role', 'id': '885385456714407946', 'deny_new': '0', 'deny': 0, 'allow_new': '1024', 'allow': 1024}], 'name': 'SINISTER BOT', 'id': '885386775885910056'}, {'type': 0, 'topic': None, 'rate_limit_per_user': 0, 'position': 4, 'permission_overwrites': [{'type': 'member', 'id': '339432840867348480', 'deny_new': '0', 'deny': 0, 'allow_new': '1049600', 'allow': 1049600}, {'type': 'member', 'id': '341184409933971456', 'deny_new': '0', 'deny': 0, 'allow_new': '1049600', 'allow': 1049600}, {'type': 'role', 'id': '882565389802946580', 'deny_new': '1049600', 'deny': 1049600, 'allow_new': '0', 'allow': 0}], 'parent_id': '885872673522089994', 'name': 'work-in-progress', 'last_message_id': '886169282059304971', 'id': '885387267470921819'}, {'type': 4, 'position': 7, 'permission_overwrites': [], 'name': 'Sygmus Bot', 'id': '885560125979512863'}, {'type': 0, 'topic': None, 'rate_limit_per_user': 0, 'position': 8, 'permission_overwrites': [{'type': 'member', 'id': '339432840867348480', 'deny_new': '0', 'deny': 0, 'allow_new': '1024', 'allow': 1024}, {'type': 'member', 'id': '341184409933971456', 'deny_new': '0', 'deny': 0, 'allow_new': '1024', 'allow': 1024}, {'type': 'role', 'id': '882565389802946580', 'deny_new': '1024', 'deny': 1024, 'allow_new': '0', 'allow': 0}, {'type': 'role', 'id': '885557516665241681', 'deny_new': '0', 'deny': 0, 'allow_new': '1024', 'allow': 1024}], 'parent_id': '885560125979512863', 'name': 'barrenland', 'last_message_id': '886263181939445790', 'id': '885560204522053672'}, {'type': 4, 'position': 9, 'permission_overwrites': [], 'name': 'DARKKNIGHT BOT', 'id': '885860727469006849'}, {'type': 0, 'topic': None, 'rate_limit_per_user': 0, 'position': 10, 'permission_overwrites': [{'type': 'role', 'id': '882565389802946580', 'deny_new': '1024', 'deny': 1024, 'allow_new': '0', 'allow': 0}, {'type': 'role', 'id': '885861418027581483', 'deny_new': '0', 'deny': 0, 'allow_new': '1024', 'allow': 1024}], 'parent_id': '885860727469006849', 'name': 'batcave', 'last_message_id': '886144171776290836', 'id': '885861102422994965'}, {'type': 4, 'position': 1, 'permission_overwrites': [{'type': 'member', 'id': '339432840867348480', 'deny_new': '0', 'deny': 0, 'allow_new': '1049600', 'allow': 1049600}, {'type': 'member', 'id': '341184409933971456', 'deny_new': '0', 'deny': 0, 'allow_new': '1049600', 'allow': 1049600}, {'type': 'role', 'id': '882565389802946580', 'deny_new': '1049600', 'deny': 1049600, 'allow_new': '0', 'allow': 0}], 'name': 'GENERAL', 'id': '885872673522089994'}, {'type': 0, 'topic': None, 'rate_limit_per_user': 0, 'position': 2, 'permission_overwrites': [{'type': 'member', 'id': '339432840867348480', 'deny_new': '0', 'deny': 0, 'allow_new': '1024', 'allow': 1024}, {'type': 'member', 'id': '341184409933971456', 'deny_new': '0', 'deny': 0, 'allow_new': '1024', 'allow': 1024}, {'type': 'role', 'id': '882565389802946580', 'deny_new': '1024', 'deny': 1024, 'allow_new': '0', 'allow': 0}], 'parent_id': '885872673522089994', 'name': 'chat', 'last_message_id': '886513904107257906', 'id': '885872784167825468'}, {'type': 0, 'topic': None, 'rate_limit_per_user': 0, 'position': 3, 'permission_overwrites': [{'type': 'role', 'id': '882565389802946580', 'deny_new': '1024', 'deny': 1024, 'allow_new': '0', 'allow': 0}, {'type': 'role', 'id': '885385456714407946', 'deny_new': '0', 'deny': 0, 'allow_new': '1024', 'allow': 1024}], 'parent_id': '885872673522089994', 'name': 'github', 'last_message_id': '886475984767950888', 'id': '885981370927693935'}, {'type': 0, 'topic': None, 'rate_limit_per_user': 0, 'position': 17, 'permission_overwrites': [{'type': 'role', 'id': '882565389802946580', 'deny_new': '1024', 'deny': 1024, 'allow_new': '0', 'allow': 0}, {'type': 'member', 'id': '339432840867348480', 'deny_new': '0', 'deny': 0, 'allow_new': '1024', 'allow': 1024}, {'type': 'member', 'id': '341184409933971456', 'deny_new': '0', 'deny': 0, 'allow_new': '1024', 'allow': 1024}], 'parent_id': '885872673522089994', 'nsfw': False, 'name': 'variables', 'last_message_id': '886489211950215168', 'id': '886487965000405012'}], 'discovery_splash': None, 'public_updates_channel_id': None, 'application_command_count': 0, 'premium_subscription_count': 0, 'stickers': [], 'afk_timeout': 300, 'unavailable': False, 'region': 'india', 'joined_at': '2021-09-07T17:53:46.515000+00:00'}}
2021-09-12 03:32:16,661:DEBUG:discord.client: Dispatching event socket_response
2021-09-12 03:32:16,663:DEBUG:discord.client: Dispatching event guild_available
2021-09-12 03:32:18,666:DEBUG:discord.client: Dispatching event ready
2021-09-12 03:32:19,768:DEBUG:discord.client: Dispatching event socket_raw_receive
2021-09-12 03:32:19,769:DEBUG:discord.gateway: For Shard ID None: WebSocket Event: {'t': 'TYPING_START', 's': 3, 'op': 0, 'd': {'user_id': '339454502316933120', 'timestamp': 1631431939, 'member': {'user': {'username': 'Icemelting', 'id': '339454502316933120', 'discriminator': '8102', 'avatar': '810248bf76980a20ee61b8f708385dff'}, 'roles': ['885385456714407946'], 'mute': False, 'joined_at': '2021-09-01T09:59:46.210000+00:00', 'hoisted_role': None, 'deaf': False}, 'channel_id': '884862058280132618', 'guild_id': '882565389802946580'}}
2021-09-12 03:32:19,770:DEBUG:discord.client: Dispatching event socket_response
2021-09-12 03:32:19,771:DEBUG:discord.client: Dispatching event typing
2021-09-12 03:32:23,660:DEBUG:discord.client: Dispatching event socket_raw_receive
2021-09-12 03:32:23,661:DEBUG:discord.gateway: For Shard ID None: WebSocket Event: {'t': 'MESSAGE_CREATE', 's': 4, 'op': 0, 'd': {'type': 0, 'tts': False, 'timestamp': '2021-09-12T07:32:23.513000+00:00', 'referenced_message': None, 'pinned': False, 'nonce': '886514566337396736', 'mentions': [], 'mention_roles': [], 'mention_everyone': False, 'member': {'roles': ['885385456714407946'], 'mute': False, 'joined_at': '2021-09-01T09:59:46.210000+00:00', 'hoisted_role': None, 'deaf': False}, 'id': '886514567402889216', 'flags': 0, 'embeds': [], 'edited_timestamp': None, 'content': '?prefix', 'components': [], 'channel_id': '884862058280132618', 'author': {'username': 'Icemelting', 'public_flags': 0, 'id': '339454502316933120', 'discriminator': '8102', 'avatar': '810248bf76980a20ee61b8f708385dff'}, 'attachments': [], 'guild_id': '882565389802946580'}}
2021-09-12 03:32:23,662:DEBUG:discord.client: Dispatching event socket_response
2021-09-12 03:32:23,662:DEBUG:discord.client: Dispatching event message
2021-09-12 03:32:24,130:DEBUG:discord.client: Dispatching event socket_raw_receive
2021-09-12 03:32:24,130:DEBUG:discord.gateway: For Shard ID None: WebSocket Event: {'t': 'MESSAGE_CREATE', 's': 5, 'op': 0, 'd': {'type': 0, 'tts': False, 'timestamp': '2021-09-12T07:32:23.852000+00:00', 'referenced_message': None, 'pinned': False, 'mentions': [], 'mention_roles': [], 'mention_everyone': False, 'member': {'roles': [], 'mute': False, 'joined_at': '2021-09-07T17:53:46.515000+00:00', 'hoisted_role': None, 'deaf': False}, 'id': '886514568824754197', 'flags': 0, 'embeds': [{'type': 'rich', 'title': 'Prefix:', 'description': '/sc', 'color': 8388640}], 'edited_timestamp': None, 'content': '', 'components': [], 'channel_id': '884862058280132618', 'author': {'username': 'Sinister', 'public_flags': 0, 'id': '597882025243967512', 'discriminator': '6508', 'bot': True, 'avatar': None}, 'attachments': [], 'guild_id': '882565389802946580'}}
2021-09-12 03:32:24,131:DEBUG:discord.client: Dispatching event socket_response
2021-09-12 03:32:24,132:DEBUG:discord.client: Dispatching event message
2021-09-12 03:32:24,203:DEBUG:discord.http: POST https://discord.com/api/v7/channels/884862058280132618/messages with {"embed":{"color":8388640,"type":"rich","description":"/sc","title":"Prefix:"}} has returned 200
2021-09-12 03:32:24,204:DEBUG:discord.http: POST https://discord.com/api/v7/channels/884862058280132618/messages has received {'id': '886514568824754197', 'type': 0, 'content': '', 'channel_id': '884862058280132618', 'author': {'id': '597882025243967512', 'username': 'Sinister', 'avatar': None, 'discriminator': '6508', 'public_flags': 0, 'bot': True}, 'attachments': [], 'embeds': [{'type': 'rich', 'title': 'Prefix:', 'description': '/sc', 'color': 8388640}], 'mentions': [], 'mention_roles': [], 'pinned': False, 'mention_everyone': False, 'tts': False, 'timestamp': '2021-09-12T07:32:23.852000+00:00', 'edited_timestamp': None, 'flags': 0, 'components': [], 'referenced_message': None}
2021-09-12 03:32:24,578:DEBUG:discord.client: Dispatching event socket_raw_receive
2021-09-12 03:32:24,578:DEBUG:discord.gateway: For Shard ID None: WebSocket Event: {'t': 'MESSAGE_REACTION_ADD', 's': 6, 'op': 0, 'd': {'user_id': '597882025243967512', 'message_id': '886514567402889216', 'member': {'user': {'username': 'Sinister', 'id': '597882025243967512', 'discriminator': '6508', 'bot': True, 'avatar': None}, 'roles': [], 'mute': False, 'joined_at': '2021-09-07T17:53:46.515000+00:00', 'hoisted_role': None, 'deaf': False}, 'emoji': {'name': '👍', 'id': None}, 'channel_id': '884862058280132618', 'guild_id': '882565389802946580'}}
2021-09-12 03:32:24,579:DEBUG:discord.client: Dispatching event socket_response
2021-09-12 03:32:24,579:DEBUG:discord.client: Dispatching event raw_reaction_add
2021-09-12 03:32:24,579:DEBUG:discord.client: Dispatching event reaction_add
2021-09-12 03:32:24,581:DEBUG:discord.http: PUT https://discord.com/api/v7/channels/884862058280132618/messages/886514567402889216/reactions/%F0%9F%91%8D/@me with None has returned 204
2021-09-12 03:32:24,581:DEBUG:discord.http: A rate limit bucket has been exhausted (bucket: 884862058280132618:None:/channels/{channel_id}/messages/{message_id}/reactions/{emoji}/@me, retry: 0.25).
2021-09-12 03:32:24,581:DEBUG:discord.http: PUT https://discord.com/api/v7/channels/884862058280132618/messages/886514567402889216/reactions/%F0%9F%91%8D/@me has received 
2021-09-12 03:32:29,168:DEBUG:discord.client: Dispatching event socket_raw_receive
2021-09-12 03:32:29,169:DEBUG:discord.gateway: For Shard ID None: WebSocket Event: {'t': 'TYPING_START', 's': 7, 'op': 0, 'd': {'user_id': '339454502316933120', 'timestamp': 1631431949, 'member': {'user': {'username': 'Icemelting', 'id': '339454502316933120', 'discriminator': '8102', 'avatar': '810248bf76980a20ee61b8f708385dff'}, 'roles': ['885385456714407946'], 'mute': False, 'joined_at': '2021-09-01T09:59:46.210000+00:00', 'hoisted_role': None, 'deaf': False}, 'channel_id': '884862058280132618', 'guild_id': '882565389802946580'}}
2021-09-12 03:32:29,169:DEBUG:discord.client: Dispatching event socket_response
2021-09-12 03:32:29,169:DEBUG:discord.client: Dispatching event typing
2021-09-12 03:32:30,934:DEBUG:discord.client: Dispatching event socket_raw_receive
2021-09-12 03:32:30,934:DEBUG:discord.gateway: For Shard ID None: WebSocket Event: {'t': 'MESSAGE_CREATE', 's': 8, 'op': 0, 'd': {'type': 0, 'tts': False, 'timestamp': '2021-09-12T07:32:30.779000+00:00', 'referenced_message': None, 'pinned': False, 'nonce': '886514596779655168', 'mentions': [], 'mention_roles': [], 'mention_everyone': False, 'member': {'roles': ['885385456714407946'], 'mute': False, 'joined_at': '2021-09-01T09:59:46.210000+00:00', 'hoisted_role': None, 'deaf': False}, 'id': '886514597878693948', 'flags': 0, 'embeds': [], 'edited_timestamp': None, 'content': '?channel', 'components': [], 'channel_id': '884862058280132618', 'author': {'username': 'Icemelting', 'public_flags': 0, 'id': '339454502316933120', 'discriminator': '8102', 'avatar': '810248bf76980a20ee61b8f708385dff'}, 'attachments': [], 'guild_id': '882565389802946580'}}
2021-09-12 03:32:30,934:DEBUG:discord.client: Dispatching event socket_response
2021-09-12 03:32:30,936:DEBUG:discord.client: Dispatching event message
2021-09-12 03:32:31,315:DEBUG:discord.client: Dispatching event socket_raw_receive
2021-09-12 03:32:31,316:DEBUG:discord.gateway: For Shard ID None: WebSocket Event: {'t': 'MESSAGE_CREATE', 's': 9, 'op': 0, 'd': {'type': 0, 'tts': False, 'timestamp': '2021-09-12T07:32:31.147000+00:00', 'referenced_message': None, 'pinned': False, 'mentions': [], 'mention_roles': [], 'mention_everyone': False, 'member': {'roles': [], 'mute': False, 'joined_at': '2021-09-07T17:53:46.515000+00:00', 'hoisted_role': None, 'deaf': False}, 'id': '886514599422205982', 'flags': 0, 'embeds': [{'type': 'rich', 'title': 'Set Channel:', 'description': 'any', 'color': 8388640}], 'edited_timestamp': None, 'content': '', 'components': [], 'channel_id': '884862058280132618', 'author': {'username': 'Sinister', 'public_flags': 0, 'id': '597882025243967512', 'discriminator': '6508', 'bot': True, 'avatar': None}, 'attachments': [], 'guild_id': '882565389802946580'}}
2021-09-12 03:32:31,316:DEBUG:discord.client: Dispatching event socket_response
2021-09-12 03:32:31,316:DEBUG:discord.client: Dispatching event message
2021-09-12 03:32:31,318:DEBUG:discord.http: POST https://discord.com/api/v7/channels/884862058280132618/messages with {"embed":{"color":8388640,"type":"rich","description":"any","title":"Set Channel:"}} has returned 200
2021-09-12 03:32:31,319:DEBUG:discord.http: POST https://discord.com/api/v7/channels/884862058280132618/messages has received {'id': '886514599422205982', 'type': 0, 'content': '', 'channel_id': '884862058280132618', 'author': {'id': '597882025243967512', 'username': 'Sinister', 'avatar': None, 'discriminator': '6508', 'public_flags': 0, 'bot': True}, 'attachments': [], 'embeds': [{'type': 'rich', 'title': 'Set Channel:', 'description': 'any', 'color': 8388640}], 'mentions': [], 'mention_roles': [], 'pinned': False, 'mention_everyone': False, 'tts': False, 'timestamp': '2021-09-12T07:32:31.147000+00:00', 'edited_timestamp': None, 'flags': 0, 'components': [], 'referenced_message': None}
2021-09-12 03:32:31,769:DEBUG:discord.client: Dispatching event socket_raw_receive
2021-09-12 03:32:31,769:DEBUG:discord.gateway: For Shard ID None: WebSocket Event: {'t': 'MESSAGE_REACTION_ADD', 's': 10, 'op': 0, 'd': {'user_id': '597882025243967512', 'message_id': '886514597878693948', 'member': {'user': {'username': 'Sinister', 'id': '597882025243967512', 'discriminator': '6508', 'bot': True, 'avatar': None}, 'roles': [], 'mute': False, 'joined_at': '2021-09-07T17:53:46.515000+00:00', 'hoisted_role': None, 'deaf': False}, 'emoji': {'name': '👍', 'id': None}, 'channel_id': '884862058280132618', 'guild_id': '882565389802946580'}}
2021-09-12 03:32:31,770:DEBUG:discord.client: Dispatching event socket_response
2021-09-12 03:32:31,771:DEBUG:discord.client: Dispatching event raw_reaction_add
2021-09-12 03:32:31,771:DEBUG:discord.client: Dispatching event reaction_add
2021-09-12 03:32:31,795:DEBUG:discord.http: PUT https://discord.com/api/v7/channels/884862058280132618/messages/886514597878693948/reactions/%F0%9F%91%8D/@me with None has returned 204
2021-09-12 03:32:31,796:DEBUG:discord.http: A rate limit bucket has been exhausted (bucket: 884862058280132618:None:/channels/{channel_id}/messages/{message_id}/reactions/{emoji}/@me, retry: 0.25).
2021-09-12 03:32:31,796:DEBUG:discord.http: PUT https://discord.com/api/v7/channels/884862058280132618/messages/886514597878693948/reactions/%F0%9F%91%8D/@me has received 
2021-09-12 03:32:47,576:DEBUG:discord.client: Dispatching event socket_raw_receive
2021-09-12 03:32:47,577:DEBUG:discord.gateway: For Shard ID None: WebSocket Event: {'t': 'MESSAGE_CREATE', 's': 11, 'op': 0, 'd': {'type': 0, 'tts': False, 'timestamp': '2021-09-12T07:32:47.379000+00:00', 'referenced_message': None, 'pinned': False, 'nonce': '886514666593845248', 'mentions': [], 'mention_roles': [], 'mention_everyone': False, 'member': {'roles': ['885385456714407946'], 'mute': False, 'joined_at': '2021-09-01T09:59:46.210000+00:00', 'hoisted_role': None, 'deaf': False}, 'id': '886514667504152607', 'flags': 0, 'embeds': [], 'edited_timestamp': None, 'content': '/scset channel 884862058280132618', 'components': [], 'channel_id': '884862058280132618', 'author': {'username': 'Icemelting', 'public_flags': 0, 'id': '339454502316933120', 'discriminator': '8102', 'avatar': '810248bf76980a20ee61b8f708385dff'}, 'attachments': [], 'guild_id': '882565389802946580'}}
2021-09-12 03:32:47,577:DEBUG:discord.client: Dispatching event socket_response
2021-09-12 03:32:47,578:DEBUG:discord.client: Dispatching event message
2021-09-12 03:32:47,579:DEBUG:discord.client: Dispatching event command
2021-09-12 03:32:48,072:DEBUG:discord.client: Dispatching event socket_raw_receive
2021-09-12 03:32:48,073:DEBUG:discord.gateway: For Shard ID None: WebSocket Event: {'t': 'MESSAGE_CREATE', 's': 12, 'op': 0, 'd': {'type': 0, 'tts': False, 'timestamp': '2021-09-12T07:32:47.808000+00:00', 'referenced_message': None, 'pinned': False, 'mentions': [], 'mention_roles': [], 'mention_everyone': False, 'member': {'roles': [], 'mute': False, 'joined_at': '2021-09-07T17:53:46.515000+00:00', 'hoisted_role': None, 'deaf': False}, 'id': '886514669303496735', 'flags': 0, 'embeds': [{'type': 'rich', 'description': 'Channel Set', 'color': 8388640}], 'edited_timestamp': None, 'content': '', 'components': [], 'channel_id': '884862058280132618', 'author': {'username': 'Sinister', 'public_flags': 0, 'id': '597882025243967512', 'discriminator': '6508', 'bot': True, 'avatar': None}, 'attachments': [], 'guild_id': '882565389802946580'}}
2021-09-12 03:32:48,073:DEBUG:discord.client: Dispatching event socket_response
2021-09-12 03:32:48,074:DEBUG:discord.client: Dispatching event message
2021-09-12 03:32:48,080:DEBUG:discord.http: POST https://discord.com/api/v7/channels/884862058280132618/messages with {"embed":{"color":8388640,"type":"rich","description":"Channel Set"}} has returned 200
2021-09-12 03:32:48,081:DEBUG:discord.http: POST https://discord.com/api/v7/channels/884862058280132618/messages has received {'id': '886514669303496735', 'type': 0, 'content': '', 'channel_id': '884862058280132618', 'author': {'id': '597882025243967512', 'username': 'Sinister', 'avatar': None, 'discriminator': '6508', 'public_flags': 0, 'bot': True}, 'attachments': [], 'embeds': [{'type': 'rich', 'description': 'Channel Set', 'color': 8388640}], 'mentions': [], 'mention_roles': [], 'pinned': False, 'mention_everyone': False, 'tts': False, 'timestamp': '2021-09-12T07:32:47.808000+00:00', 'edited_timestamp': None, 'flags': 0, 'components': [], 'referenced_message': None}
2021-09-12 03:32:48,464:DEBUG:discord.http: PUT https://discord.com/api/v7/channels/884862058280132618/messages/886514667504152607/reactions/%F0%9F%91%8D/@me with None has returned 204
2021-09-12 03:32:48,465:DEBUG:discord.http: A rate limit bucket has been exhausted (bucket: 884862058280132618:None:/channels/{channel_id}/messages/{message_id}/reactions/{emoji}/@me, retry: 0.25).
2021-09-12 03:32:48,465:DEBUG:discord.http: PUT https://discord.com/api/v7/channels/884862058280132618/messages/886514667504152607/reactions/%F0%9F%91%8D/@me has received 
2021-09-12 03:32:48,466:DEBUG:discord.client: Dispatching event command_completion
2021-09-12 03:32:48,486:DEBUG:discord.client: Dispatching event socket_raw_receive
2021-09-12 03:32:48,486:DEBUG:discord.gateway: For Shard ID None: WebSocket Event: {'t': 'MESSAGE_REACTION_ADD', 's': 13, 'op': 0, 'd': {'user_id': '597882025243967512', 'message_id': '886514667504152607', 'member': {'user': {'username': 'Sinister', 'id': '597882025243967512', 'discriminator': '6508', 'bot': True, 'avatar': None}, 'roles': [], 'mute': False, 'joined_at': '2021-09-07T17:53:46.515000+00:00', 'hoisted_role': None, 'deaf': False}, 'emoji': {'name': '👍', 'id': None}, 'channel_id': '884862058280132618', 'guild_id': '882565389802946580'}}
2021-09-12 03:32:48,487:DEBUG:discord.client: Dispatching event socket_response
2021-09-12 03:32:48,487:DEBUG:discord.client: Dispatching event raw_reaction_add
2021-09-12 03:32:48,487:DEBUG:discord.client: Dispatching event reaction_add
2021-09-12 03:32:51,065:DEBUG:discord.client: Dispatching event socket_raw_receive
2021-09-12 03:32:51,066:DEBUG:discord.gateway: For Shard ID None: WebSocket Event: {'t': 'MESSAGE_CREATE', 's': 14, 'op': 0, 'd': {'type': 0, 'tts': False, 'timestamp': '2021-09-12T07:32:50.908000+00:00', 'referenced_message': None, 'pinned': False, 'nonce': '886514681328435200', 'mentions': [], 'mention_roles': [], 'mention_everyone': False, 'member': {'roles': ['885385456714407946'], 'mute': False, 'joined_at': '2021-09-01T09:59:46.210000+00:00', 'hoisted_role': None, 'deaf': False}, 'id': '886514682305839185', 'flags': 0, 'embeds': [], 'edited_timestamp': None, 'content': '?channel', 'components': [], 'channel_id': '884862058280132618', 'author': {'username': 'Icemelting', 'public_flags': 0, 'id': '339454502316933120', 'discriminator': '8102', 'avatar': '810248bf76980a20ee61b8f708385dff'}, 'attachments': [], 'guild_id': '882565389802946580'}}
2021-09-12 03:32:51,066:DEBUG:discord.client: Dispatching event socket_response
2021-09-12 03:32:51,067:DEBUG:discord.client: Dispatching event message
2021-09-12 03:32:51,458:DEBUG:discord.client: Dispatching event socket_raw_receive
2021-09-12 03:32:51,458:DEBUG:discord.gateway: For Shard ID None: WebSocket Event: {'t': 'MESSAGE_CREATE', 's': 15, 'op': 0, 'd': {'type': 0, 'tts': False, 'timestamp': '2021-09-12T07:32:51.291000+00:00', 'referenced_message': None, 'pinned': False, 'mentions': [], 'mention_roles': [], 'mention_everyone': False, 'member': {'roles': [], 'mute': False, 'joined_at': '2021-09-07T17:53:46.515000+00:00', 'hoisted_role': None, 'deaf': False}, 'id': '886514683912269844', 'flags': 0, 'embeds': [{'type': 'rich', 'title': 'Set Channel:', 'description': 'playground', 'color': 8388640}], 'edited_timestamp': None, 'content': '', 'components': [], 'channel_id': '884862058280132618', 'author': {'username': 'Sinister', 'public_flags': 0, 'id': '597882025243967512', 'discriminator': '6508', 'bot': True, 'avatar': None}, 'attachments': [], 'guild_id': '882565389802946580'}}
2021-09-12 03:32:51,459:DEBUG:discord.client: Dispatching event socket_response
2021-09-12 03:32:51,459:DEBUG:discord.client: Dispatching event message
2021-09-12 03:32:51,488:DEBUG:discord.http: POST https://discord.com/api/v7/channels/884862058280132618/messages with {"embed":{"color":8388640,"type":"rich","description":"playground","title":"Set Channel:"}} has returned 200
2021-09-12 03:32:51,489:DEBUG:discord.http: POST https://discord.com/api/v7/channels/884862058280132618/messages has received {'id': '886514683912269844', 'type': 0, 'content': '', 'channel_id': '884862058280132618', 'author': {'id': '597882025243967512', 'username': 'Sinister', 'avatar': None, 'discriminator': '6508', 'public_flags': 0, 'bot': True}, 'attachments': [], 'embeds': [{'type': 'rich', 'title': 'Set Channel:', 'description': 'playground', 'color': 8388640}], 'mentions': [], 'mention_roles': [], 'pinned': False, 'mention_everyone': False, 'tts': False, 'timestamp': '2021-09-12T07:32:51.291000+00:00', 'edited_timestamp': None, 'flags': 0, 'components': [], 'referenced_message': None}
2021-09-12 03:32:51,872:DEBUG:discord.http: PUT https://discord.com/api/v7/channels/884862058280132618/messages/886514682305839185/reactions/%F0%9F%91%8D/@me with None has returned 204
2021-09-12 03:32:51,872:DEBUG:discord.http: A rate limit bucket has been exhausted (bucket: 884862058280132618:None:/channels/{channel_id}/messages/{message_id}/reactions/{emoji}/@me, retry: 0.25).
2021-09-12 03:32:51,872:DEBUG:discord.http: PUT https://discord.com/api/v7/channels/884862058280132618/messages/886514682305839185/reactions/%F0%9F%91%8D/@me has received 
2021-09-12 03:32:51,876:DEBUG:discord.client: Dispatching event socket_raw_receive
2021-09-12 03:32:51,876:DEBUG:discord.gateway: For Shard ID None: WebSocket Event: {'t': 'MESSAGE_REACTION_ADD', 's': 16, 'op': 0, 'd': {'user_id': '597882025243967512', 'message_id': '886514682305839185', 'member': {'user': {'username': 'Sinister', 'id': '597882025243967512', 'discriminator': '6508', 'bot': True, 'avatar': None}, 'roles': [], 'mute': False, 'joined_at': '2021-09-07T17:53:46.515000+00:00', 'hoisted_role': None, 'deaf': False}, 'emoji': {'name': '👍', 'id': None}, 'channel_id': '884862058280132618', 'guild_id': '882565389802946580'}}
2021-09-12 03:32:51,877:DEBUG:discord.client: Dispatching event socket_response
2021-09-12 03:32:51,877:DEBUG:discord.client: Dispatching event raw_reaction_add
2021-09-12 03:32:51,877:DEBUG:discord.client: Dispatching event reaction_add
2021-09-12 03:32:57,474:DEBUG:discord.gateway: Keeping shard ID None websocket alive with sequence 16.
2021-09-12 03:32:57,792:DEBUG:discord.client: Dispatching event socket_raw_receive
2021-09-12 03:32:57,793:DEBUG:discord.gateway: For Shard ID None: WebSocket Event: {'t': None, 's': None, 'op': 11, 'd': None}
2021-09-12 03:32:57,793:DEBUG:discord.client: Dispatching event socket_response
2021-09-12 03:32:59,034:DEBUG:discord.client: Dispatching event socket_raw_receive
2021-09-12 03:32:59,035:DEBUG:discord.gateway: For Shard ID None: WebSocket Event: {'t': 'TYPING_START', 's': 17, 'op': 0, 'd': {'user_id': '339454502316933120', 'timestamp': 1631431978, 'member': {'user': {'username': 'Icemelting', 'id': '339454502316933120', 'discriminator': '8102', 'avatar': '810248bf76980a20ee61b8f708385dff'}, 'roles': ['885385456714407946'], 'mute': False, 'joined_at': '2021-09-01T09:59:46.210000+00:00', 'hoisted_role': None, 'deaf': False}, 'channel_id': '884862058280132618', 'guild_id': '882565389802946580'}}
2021-09-12 03:32:59,036:DEBUG:discord.client: Dispatching event socket_response
2021-09-12 03:32:59,037:DEBUG:discord.client: Dispatching event typing
2021-09-12 03:33:00,420:DEBUG:discord.client: Dispatching event socket_raw_receive
2021-09-12 03:33:00,420:DEBUG:discord.gateway: For Shard ID None: WebSocket Event: {'t': 'MESSAGE_CREATE', 's': 18, 'op': 0, 'd': {'type': 0, 'tts': False, 'timestamp': '2021-09-12T07:33:00.170000+00:00', 'referenced_message': None, 'pinned': False, 'nonce': '886514720490651648', 'mentions': [], 'mention_roles': [], 'mention_everyone': False, 'member': {'roles': ['885385456714407946'], 'mute': False, 'joined_at': '2021-09-01T09:59:46.210000+00:00', 'hoisted_role': None, 'deaf': False}, 'id': '886514721153499147', 'flags': 0, 'embeds': [], 'edited_timestamp': None, 'content': '?reset channel', 'components': [], 'channel_id': '884862058280132618', 'author': {'username': 'Icemelting', 'public_flags': 0, 'id': '339454502316933120', 'discriminator': '8102', 'avatar': '810248bf76980a20ee61b8f708385dff'}, 'attachments': [], 'guild_id': '882565389802946580'}}
2021-09-12 03:33:00,421:DEBUG:discord.client: Dispatching event socket_response
2021-09-12 03:33:00,421:DEBUG:discord.client: Dispatching event message
2021-09-12 03:33:00,809:DEBUG:discord.http: PUT https://discord.com/api/v7/channels/884862058280132618/messages/886514721153499147/reactions/%F0%9F%91%8D/@me with None has returned 204
2021-09-12 03:33:00,809:DEBUG:discord.http: A rate limit bucket has been exhausted (bucket: 884862058280132618:None:/channels/{channel_id}/messages/{message_id}/reactions/{emoji}/@me, retry: 0.25).
2021-09-12 03:33:00,810:DEBUG:discord.http: PUT https://discord.com/api/v7/channels/884862058280132618/messages/886514721153499147/reactions/%F0%9F%91%8D/@me has received 
2021-09-12 03:33:00,814:DEBUG:discord.client: Dispatching event socket_raw_receive
2021-09-12 03:33:00,814:DEBUG:discord.gateway: For Shard ID None: WebSocket Event: {'t': 'MESSAGE_REACTION_ADD', 's': 19, 'op': 0, 'd': {'user_id': '597882025243967512', 'message_id': '886514721153499147', 'member': {'user': {'username': 'Sinister', 'id': '597882025243967512', 'discriminator': '6508', 'bot': True, 'avatar': None}, 'roles': [], 'mute': False, 'joined_at': '2021-09-07T17:53:46.515000+00:00', 'hoisted_role': None, 'deaf': False}, 'emoji': {'name': '👍', 'id': None}, 'channel_id': '884862058280132618', 'guild_id': '882565389802946580'}}
2021-09-12 03:33:00,815:DEBUG:discord.client: Dispatching event socket_response
2021-09-12 03:33:00,815:DEBUG:discord.client: Dispatching event raw_reaction_add
2021-09-12 03:33:00,815:DEBUG:discord.client: Dispatching event reaction_add
2021-09-12 03:33:04,321:DEBUG:discord.client: Dispatching event socket_raw_receive
2021-09-12 03:33:04,321:DEBUG:discord.gateway: For Shard ID None: WebSocket Event: {'t': 'MESSAGE_CREATE', 's': 20, 'op': 0, 'd': {'type': 0, 'tts': False, 'timestamp': '2021-09-12T07:33:04.167000+00:00', 'referenced_message': None, 'pinned': False, 'nonce': '886514736970072064', 'mentions': [], 'mention_roles': [], 'mention_everyone': False, 'member': {'roles': ['885385456714407946'], 'mute': False, 'joined_at': '2021-09-01T09:59:46.210000+00:00', 'hoisted_role': None, 'deaf': False}, 'id': '886514737918144512', 'flags': 0, 'embeds': [], 'edited_timestamp': None, 'content': '?channel', 'components': [], 'channel_id': '884862058280132618', 'author': {'username': 'Icemelting', 'public_flags': 0, 'id': '339454502316933120', 'discriminator': '8102', 'avatar': '810248bf76980a20ee61b8f708385dff'}, 'attachments': [], 'guild_id': '882565389802946580'}}
2021-09-12 03:33:04,321:DEBUG:discord.client: Dispatching event socket_response
2021-09-12 03:33:04,322:DEBUG:discord.client: Dispatching event message
2021-09-12 03:33:04,745:DEBUG:discord.client: Dispatching event socket_raw_receive
2021-09-12 03:33:04,746:DEBUG:discord.gateway: For Shard ID None: WebSocket Event: {'t': 'MESSAGE_CREATE', 's': 21, 'op': 0, 'd': {'type': 0, 'tts': False, 'timestamp': '2021-09-12T07:33:04.550000+00:00', 'referenced_message': None, 'pinned': False, 'mentions': [], 'mention_roles': [], 'mention_everyone': False, 'member': {'roles': [], 'mute': False, 'joined_at': '2021-09-07T17:53:46.515000+00:00', 'hoisted_role': None, 'deaf': False}, 'id': '886514739524558890', 'flags': 0, 'embeds': [{'type': 'rich', 'title': 'Set Channel:', 'description': 'any', 'color': 8388640}], 'edited_timestamp': None, 'content': '', 'components': [], 'channel_id': '884862058280132618', 'author': {'username': 'Sinister', 'public_flags': 0, 'id': '597882025243967512', 'discriminator': '6508', 'bot': True, 'avatar': None}, 'attachments': [], 'guild_id': '882565389802946580'}}
2021-09-12 03:33:04,746:DEBUG:discord.client: Dispatching event socket_response
2021-09-12 03:33:04,746:DEBUG:discord.client: Dispatching event message
2021-09-12 03:33:04,837:DEBUG:discord.http: POST https://discord.com/api/v7/channels/884862058280132618/messages with {"embed":{"color":8388640,"type":"rich","description":"any","title":"Set Channel:"}} has returned 200
2021-09-12 03:33:04,838:DEBUG:discord.http: POST https://discord.com/api/v7/channels/884862058280132618/messages has received {'id': '886514739524558890', 'type': 0, 'content': '', 'channel_id': '884862058280132618', 'author': {'id': '597882025243967512', 'username': 'Sinister', 'avatar': None, 'discriminator': '6508', 'public_flags': 0, 'bot': True}, 'attachments': [], 'embeds': [{'type': 'rich', 'title': 'Set Channel:', 'description': 'any', 'color': 8388640}], 'mentions': [], 'mention_roles': [], 'pinned': False, 'mention_everyone': False, 'tts': False, 'timestamp': '2021-09-12T07:33:04.550000+00:00', 'edited_timestamp': None, 'flags': 0, 'components': [], 'referenced_message': None}
2021-09-12 03:33:05,229:DEBUG:discord.http: PUT https://discord.com/api/v7/channels/884862058280132618/messages/886514737918144512/reactions/%F0%9F%91%8D/@me with None has returned 204
2021-09-12 03:33:05,230:DEBUG:discord.http: A rate limit bucket has been exhausted (bucket: 884862058280132618:None:/channels/{channel_id}/messages/{message_id}/reactions/{emoji}/@me, retry: 0.25).
2021-09-12 03:33:05,231:DEBUG:discord.http: PUT https://discord.com/api/v7/channels/884862058280132618/messages/886514737918144512/reactions/%F0%9F%91%8D/@me has received 
2021-09-12 03:33:05,231:DEBUG:discord.client: Dispatching event socket_raw_receive
2021-09-12 03:33:05,231:DEBUG:discord.gateway: For Shard ID None: WebSocket Event: {'t': 'MESSAGE_REACTION_ADD', 's': 22, 'op': 0, 'd': {'user_id': '597882025243967512', 'message_id': '886514737918144512', 'member': {'user': {'username': 'Sinister', 'id': '597882025243967512', 'discriminator': '6508', 'bot': True, 'avatar': None}, 'roles': [], 'mute': False, 'joined_at': '2021-09-07T17:53:46.515000+00:00', 'hoisted_role': None, 'deaf': False}, 'emoji': {'name': '👍', 'id': None}, 'channel_id': '884862058280132618', 'guild_id': '882565389802946580'}}
2021-09-12 03:33:05,231:DEBUG:discord.client: Dispatching event socket_response
2021-09-12 03:33:05,232:DEBUG:discord.client: Dispatching event raw_reaction_add
2021-09-12 03:33:05,232:DEBUG:discord.client: Dispatching event reaction_add
2021-09-12 03:33:07,764:DEBUG:discord.client: Dispatching event socket_raw_receive
2021-09-12 03:33:07,764:DEBUG:discord.gateway: For Shard ID None: WebSocket Event: {'t': 'MESSAGE_CREATE', 's': 23, 'op': 0, 'd': {'type': 0, 'tts': False, 'timestamp': '2021-09-12T07:33:07.593000+00:00', 'referenced_message': None, 'pinned': False, 'nonce': '886514751075516416', 'mentions': [], 'mention_roles': [], 'mention_everyone': False, 'member': {'roles': ['885385456714407946'], 'mute': False, 'joined_at': '2021-09-01T09:59:46.210000+00:00', 'hoisted_role': None, 'deaf': False}, 'id': '886514752287809546', 'flags': 0, 'embeds': [], 'edited_timestamp': None, 'content': '?prefix', 'components': [], 'channel_id': '884862058280132618', 'author': {'username': 'Icemelting', 'public_flags': 0, 'id': '339454502316933120', 'discriminator': '8102', 'avatar': '810248bf76980a20ee61b8f708385dff'}, 'attachments': [], 'guild_id': '882565389802946580'}}
2021-09-12 03:33:07,765:DEBUG:discord.client: Dispatching event socket_response
2021-09-12 03:33:07,765:DEBUG:discord.client: Dispatching event message
2021-09-12 03:33:08,189:DEBUG:discord.client: Dispatching event socket_raw_receive
2021-09-12 03:33:08,190:DEBUG:discord.gateway: For Shard ID None: WebSocket Event: {'t': 'MESSAGE_CREATE', 's': 24, 'op': 0, 'd': {'type': 0, 'tts': False, 'timestamp': '2021-09-12T07:33:08.017000+00:00', 'referenced_message': None, 'pinned': False, 'mentions': [], 'mention_roles': [], 'mention_everyone': False, 'member': {'roles': [], 'mute': False, 'joined_at': '2021-09-07T17:53:46.515000+00:00', 'hoisted_role': None, 'deaf': False}, 'id': '886514754066190377', 'flags': 0, 'embeds': [{'type': 'rich', 'title': 'Prefix:', 'description': '/sc', 'color': 8388640}], 'edited_timestamp': None, 'content': '', 'components': [], 'channel_id': '884862058280132618', 'author': {'username': 'Sinister', 'public_flags': 0, 'id': '597882025243967512', 'discriminator': '6508', 'bot': True, 'avatar': None}, 'attachments': [], 'guild_id': '882565389802946580'}}
2021-09-12 03:33:08,190:DEBUG:discord.client: Dispatching event socket_response
2021-09-12 03:33:08,191:DEBUG:discord.client: Dispatching event message
2021-09-12 03:33:08,213:DEBUG:discord.http: POST https://discord.com/api/v7/channels/884862058280132618/messages with {"embed":{"color":8388640,"type":"rich","description":"/sc","title":"Prefix:"}} has returned 200
2021-09-12 03:33:08,213:DEBUG:discord.http: POST https://discord.com/api/v7/channels/884862058280132618/messages has received {'id': '886514754066190377', 'type': 0, 'content': '', 'channel_id': '884862058280132618', 'author': {'id': '597882025243967512', 'username': 'Sinister', 'avatar': None, 'discriminator': '6508', 'public_flags': 0, 'bot': True}, 'attachments': [], 'embeds': [{'type': 'rich', 'title': 'Prefix:', 'description': '/sc', 'color': 8388640}], 'mentions': [], 'mention_roles': [], 'pinned': False, 'mention_everyone': False, 'tts': False, 'timestamp': '2021-09-12T07:33:08.017000+00:00', 'edited_timestamp': None, 'flags': 0, 'components': [], 'referenced_message': None}
2021-09-12 03:33:08,611:DEBUG:discord.http: PUT https://discord.com/api/v7/channels/884862058280132618/messages/886514752287809546/reactions/%F0%9F%91%8D/@me with None has returned 204
2021-09-12 03:33:08,612:DEBUG:discord.http: A rate limit bucket has been exhausted (bucket: 884862058280132618:None:/channels/{channel_id}/messages/{message_id}/reactions/{emoji}/@me, retry: 0.25).
2021-09-12 03:33:08,612:DEBUG:discord.http: PUT https://discord.com/api/v7/channels/884862058280132618/messages/886514752287809546/reactions/%F0%9F%91%8D/@me has received 
2021-09-12 03:33:08,615:DEBUG:discord.client: Dispatching event socket_raw_receive
2021-09-12 03:33:08,615:DEBUG:discord.gateway: For Shard ID None: WebSocket Event: {'t': 'MESSAGE_REACTION_ADD', 's': 25, 'op': 0, 'd': {'user_id': '597882025243967512', 'message_id': '886514752287809546', 'member': {'user': {'username': 'Sinister', 'id': '597882025243967512', 'discriminator': '6508', 'bot': True, 'avatar': None}, 'roles': [], 'mute': False, 'joined_at': '2021-09-07T17:53:46.515000+00:00', 'hoisted_role': None, 'deaf': False}, 'emoji': {'name': '👍', 'id': None}, 'channel_id': '884862058280132618', 'guild_id': '882565389802946580'}}
2021-09-12 03:33:08,615:DEBUG:discord.client: Dispatching event socket_response
2021-09-12 03:33:08,616:DEBUG:discord.client: Dispatching event raw_reaction_add
2021-09-12 03:33:08,616:DEBUG:discord.client: Dispatching event reaction_add
2021-09-12 03:33:11,272:DEBUG:discord.client: Dispatching event socket_raw_receive
2021-09-12 03:33:11,273:DEBUG:discord.gateway: For Shard ID None: WebSocket Event: {'t': 'TYPING_START', 's': 26, 'op': 0, 'd': {'user_id': '339454502316933120', 'timestamp': 1631431991, 'member': {'user': {'username': 'Icemelting', 'id': '339454502316933120', 'discriminator': '8102', 'avatar': '810248bf76980a20ee61b8f708385dff'}, 'roles': ['885385456714407946'], 'mute': False, 'joined_at': '2021-09-01T09:59:46.210000+00:00', 'hoisted_role': None, 'deaf': False}, 'channel_id': '884862058280132618', 'guild_id': '882565389802946580'}}
2021-09-12 03:33:11,273:DEBUG:discord.client: Dispatching event socket_response
2021-09-12 03:33:11,273:DEBUG:discord.client: Dispatching event typing
2021-09-12 03:33:14,878:DEBUG:discord.client: Dispatching event socket_raw_receive
2021-09-12 03:33:14,879:DEBUG:discord.gateway: For Shard ID None: WebSocket Event: {'t': 'MESSAGE_CREATE', 's': 27, 'op': 0, 'd': {'type': 0, 'tts': False, 'timestamp': '2021-09-12T07:33:14.706000+00:00', 'referenced_message': None, 'pinned': False, 'nonce': '886514780750217216', 'mentions': [], 'mention_roles': [], 'mention_everyone': False, 'member': {'roles': ['885385456714407946'], 'mute': False, 'joined_at': '2021-09-01T09:59:46.210000+00:00', 'hoisted_role': None, 'deaf': False}, 'id': '886514782121893908', 'flags': 0, 'embeds': [], 'edited_timestamp': None, 'content': '?set prefix !', 'components': [], 'channel_id': '884862058280132618', 'author': {'username': 'Icemelting', 'public_flags': 0, 'id': '339454502316933120', 'discriminator': '8102', 'avatar': '810248bf76980a20ee61b8f708385dff'}, 'attachments': [], 'guild_id': '882565389802946580'}}
2021-09-12 03:33:14,879:DEBUG:discord.client: Dispatching event socket_response
2021-09-12 03:33:14,880:DEBUG:discord.client: Dispatching event message
2021-09-12 03:33:21,817:DEBUG:discord.client: Dispatching event socket_raw_receive
2021-09-12 03:33:21,817:DEBUG:discord.gateway: For Shard ID None: WebSocket Event: {'t': 'MESSAGE_CREATE', 's': 28, 'op': 0, 'd': {'type': 0, 'tts': False, 'timestamp': '2021-09-12T07:33:21.641000+00:00', 'referenced_message': None, 'pinned': False, 'nonce': '886514810202619904', 'mentions': [], 'mention_roles': [], 'mention_everyone': False, 'member': {'roles': ['885385456714407946'], 'mute': False, 'joined_at': '2021-09-01T09:59:46.210000+00:00', 'hoisted_role': None, 'deaf': False}, 'id': '886514811209396254', 'flags': 0, 'embeds': [], 'edited_timestamp': None, 'content': '/scset prefix !', 'components': [], 'channel_id': '884862058280132618', 'author': {'username': 'Icemelting', 'public_flags': 0, 'id': '339454502316933120', 'discriminator': '8102', 'avatar': '810248bf76980a20ee61b8f708385dff'}, 'attachments': [], 'guild_id': '882565389802946580'}}
2021-09-12 03:33:21,818:DEBUG:discord.client: Dispatching event socket_response
2021-09-12 03:33:21,819:DEBUG:discord.client: Dispatching event message
2021-09-12 03:33:21,819:DEBUG:discord.client: Dispatching event command
2021-09-12 03:33:22,259:DEBUG:discord.client: Dispatching event socket_raw_receive
2021-09-12 03:33:22,260:DEBUG:discord.gateway: For Shard ID None: WebSocket Event: {'t': 'MESSAGE_REACTION_ADD', 's': 29, 'op': 0, 'd': {'user_id': '597882025243967512', 'message_id': '886514811209396254', 'member': {'user': {'username': 'Sinister', 'id': '597882025243967512', 'discriminator': '6508', 'bot': True, 'avatar': None}, 'roles': [], 'mute': False, 'joined_at': '2021-09-07T17:53:46.515000+00:00', 'hoisted_role': None, 'deaf': False}, 'emoji': {'name': '👍', 'id': None}, 'channel_id': '884862058280132618', 'guild_id': '882565389802946580'}}
2021-09-12 03:33:22,260:DEBUG:discord.client: Dispatching event socket_response
2021-09-12 03:33:22,261:DEBUG:discord.client: Dispatching event raw_reaction_add
2021-09-12 03:33:22,261:DEBUG:discord.client: Dispatching event reaction_add
2021-09-12 03:33:22,263:DEBUG:discord.http: PUT https://discord.com/api/v7/channels/884862058280132618/messages/886514811209396254/reactions/%F0%9F%91%8D/@me with None has returned 204
2021-09-12 03:33:22,263:DEBUG:discord.http: A rate limit bucket has been exhausted (bucket: 884862058280132618:None:/channels/{channel_id}/messages/{message_id}/reactions/{emoji}/@me, retry: 0.25).
2021-09-12 03:33:22,264:DEBUG:discord.http: PUT https://discord.com/api/v7/channels/884862058280132618/messages/886514811209396254/reactions/%F0%9F%91%8D/@me has received 
2021-09-12 03:33:22,264:DEBUG:discord.client: Dispatching event command_completion
2021-09-12 03:33:25,918:DEBUG:discord.client: Dispatching event socket_raw_receive
2021-09-12 03:33:25,918:DEBUG:discord.gateway: For Shard ID None: WebSocket Event: {'t': 'MESSAGE_CREATE', 's': 30, 'op': 0, 'd': {'type': 0, 'tts': False, 'timestamp': '2021-09-12T07:33:25.752000+00:00', 'referenced_message': None, 'pinned': False, 'nonce': '886514827210522624', 'mentions': [], 'mention_roles': [], 'mention_everyone': False, 'member': {'roles': ['885385456714407946'], 'mute': False, 'joined_at': '2021-09-01T09:59:46.210000+00:00', 'hoisted_role': None, 'deaf': False}, 'id': '886514828452192276', 'flags': 0, 'embeds': [], 'edited_timestamp': None, 'content': '?prefix', 'components': [], 'channel_id': '884862058280132618', 'author': {'username': 'Icemelting', 'public_flags': 0, 'id': '339454502316933120', 'discriminator': '8102', 'avatar': '810248bf76980a20ee61b8f708385dff'}, 'attachments': [], 'guild_id': '882565389802946580'}}
2021-09-12 03:33:25,919:DEBUG:discord.client: Dispatching event socket_response
2021-09-12 03:33:25,919:DEBUG:discord.client: Dispatching event message
2021-09-12 03:33:26,329:DEBUG:discord.client: Dispatching event socket_raw_receive
2021-09-12 03:33:26,330:DEBUG:discord.gateway: For Shard ID None: WebSocket Event: {'t': 'MESSAGE_CREATE', 's': 31, 'op': 0, 'd': {'type': 0, 'tts': False, 'timestamp': '2021-09-12T07:33:26.115000+00:00', 'referenced_message': None, 'pinned': False, 'mentions': [], 'mention_roles': [], 'mention_everyone': False, 'member': {'roles': [], 'mute': False, 'joined_at': '2021-09-07T17:53:46.515000+00:00', 'hoisted_role': None, 'deaf': False}, 'id': '886514829974708235', 'flags': 0, 'embeds': [{'type': 'rich', 'title': 'Prefix:', 'description': '!', 'color': 8388640}], 'edited_timestamp': None, 'content': '', 'components': [], 'channel_id': '884862058280132618', 'author': {'username': 'Sinister', 'public_flags': 0, 'id': '597882025243967512', 'discriminator': '6508', 'bot': True, 'avatar': None}, 'attachments': [], 'guild_id': '882565389802946580'}}
2021-09-12 03:33:26,331:DEBUG:discord.client: Dispatching event socket_response
2021-09-12 03:33:26,332:DEBUG:discord.client: Dispatching event message
2021-09-12 03:33:26,333:DEBUG:discord.http: POST https://discord.com/api/v7/channels/884862058280132618/messages with {"embed":{"color":8388640,"type":"rich","description":"!","title":"Prefix:"}} has returned 200
2021-09-12 03:33:26,334:DEBUG:discord.http: POST https://discord.com/api/v7/channels/884862058280132618/messages has received {'id': '886514829974708235', 'type': 0, 'content': '', 'channel_id': '884862058280132618', 'author': {'id': '597882025243967512', 'username': 'Sinister', 'avatar': None, 'discriminator': '6508', 'public_flags': 0, 'bot': True}, 'attachments': [], 'embeds': [{'type': 'rich', 'title': 'Prefix:', 'description': '!', 'color': 8388640}], 'mentions': [], 'mention_roles': [], 'pinned': False, 'mention_everyone': False, 'tts': False, 'timestamp': '2021-09-12T07:33:26.115000+00:00', 'edited_timestamp': None, 'flags': 0, 'components': [], 'referenced_message': None}
2021-09-12 03:33:26,698:DEBUG:discord.http: PUT https://discord.com/api/v7/channels/884862058280132618/messages/886514828452192276/reactions/%F0%9F%91%8D/@me with None has returned 204
2021-09-12 03:33:26,698:DEBUG:discord.http: A rate limit bucket has been exhausted (bucket: 884862058280132618:None:/channels/{channel_id}/messages/{message_id}/reactions/{emoji}/@me, retry: 0.25).
2021-09-12 03:33:26,699:DEBUG:discord.http: PUT https://discord.com/api/v7/channels/884862058280132618/messages/886514828452192276/reactions/%F0%9F%91%8D/@me has received 
2021-09-12 03:33:26,703:DEBUG:discord.client: Dispatching event socket_raw_receive
2021-09-12 03:33:26,704:DEBUG:discord.gateway: For Shard ID None: WebSocket Event: {'t': 'MESSAGE_REACTION_ADD', 's': 32, 'op': 0, 'd': {'user_id': '597882025243967512', 'message_id': '886514828452192276', 'member': {'user': {'username': 'Sinister', 'id': '597882025243967512', 'discriminator': '6508', 'bot': True, 'avatar': None}, 'roles': [], 'mute': False, 'joined_at': '2021-09-07T17:53:46.515000+00:00', 'hoisted_role': None, 'deaf': False}, 'emoji': {'name': '👍', 'id': None}, 'channel_id': '884862058280132618', 'guild_id': '882565389802946580'}}
2021-09-12 03:33:26,704:DEBUG:discord.client: Dispatching event socket_response
2021-09-12 03:33:26,704:DEBUG:discord.client: Dispatching event raw_reaction_add
2021-09-12 03:33:26,704:DEBUG:discord.client: Dispatching event reaction_add
2021-09-12 03:33:28,578:DEBUG:discord.client: Dispatching event socket_raw_receive
2021-09-12 03:33:28,579:DEBUG:discord.gateway: For Shard ID None: WebSocket Event: {'t': 'MESSAGE_CREATE', 's': 33, 'op': 0, 'd': {'type': 0, 'tts': False, 'timestamp': '2021-09-12T07:33:28.370000+00:00', 'referenced_message': None, 'pinned': False, 'nonce': '886514838732275712', 'mentions': [], 'mention_roles': [], 'mention_everyone': False, 'member': {'roles': ['885385456714407946'], 'mute': False, 'joined_at': '2021-09-01T09:59:46.210000+00:00', 'hoisted_role': None, 'deaf': False}, 'id': '886514839432855593', 'flags': 0, 'embeds': [], 'edited_timestamp': None, 'content': '!hellp', 'components': [], 'channel_id': '884862058280132618', 'author': {'username': 'Icemelting', 'public_flags': 0, 'id': '339454502316933120', 'discriminator': '8102', 'avatar': '810248bf76980a20ee61b8f708385dff'}, 'attachments': [], 'guild_id': '882565389802946580'}}
2021-09-12 03:33:28,580:DEBUG:discord.client: Dispatching event socket_response
2021-09-12 03:33:28,581:DEBUG:discord.client: Dispatching event message
2021-09-12 03:33:28,581:DEBUG:discord.client: Dispatching event command_error
2021-09-12 03:33:31,434:DEBUG:discord.client: Dispatching event socket_raw_receive
2021-09-12 03:33:31,435:DEBUG:discord.gateway: For Shard ID None: WebSocket Event: {'t': 'MESSAGE_CREATE', 's': 34, 'op': 0, 'd': {'type': 0, 'tts': False, 'timestamp': '2021-09-12T07:33:31.209000+00:00', 'referenced_message': None, 'pinned': False, 'nonce': '886514850266611712', 'mentions': [], 'mention_roles': [], 'mention_everyone': False, 'member': {'roles': ['885385456714407946'], 'mute': False, 'joined_at': '2021-09-01T09:59:46.210000+00:00', 'hoisted_role': None, 'deaf': False}, 'id': '886514851340517377', 'flags': 0, 'embeds': [], 'edited_timestamp': None, 'content': '!hello', 'components': [], 'channel_id': '884862058280132618', 'author': {'username': 'Icemelting', 'public_flags': 0, 'id': '339454502316933120', 'discriminator': '8102', 'avatar': '810248bf76980a20ee61b8f708385dff'}, 'attachments': [], 'guild_id': '882565389802946580'}}
2021-09-12 03:33:31,435:DEBUG:discord.client: Dispatching event socket_response
2021-09-12 03:33:31,436:DEBUG:discord.client: Dispatching event message
2021-09-12 03:33:31,436:DEBUG:discord.client: Dispatching event command
2021-09-12 03:33:31,923:DEBUG:discord.client: Dispatching event socket_raw_receive
2021-09-12 03:33:31,923:DEBUG:discord.gateway: For Shard ID None: WebSocket Event: {'t': 'MESSAGE_CREATE', 's': 35, 'op': 0, 'd': {'type': 0, 'tts': False, 'timestamp': '2021-09-12T07:33:31.587000+00:00', 'referenced_message': None, 'pinned': False, 'mentions': [], 'mention_roles': [], 'mention_everyone': False, 'member': {'roles': [], 'mute': False, 'joined_at': '2021-09-07T17:53:46.515000+00:00', 'hoisted_role': None, 'deaf': False}, 'id': '886514852925956117', 'flags': 0, 'embeds': [{'type': 'rich', 'description': 'Hi', 'color': 8388640}], 'edited_timestamp': None, 'content': '', 'components': [], 'channel_id': '884862058280132618', 'author': {'username': 'Sinister', 'public_flags': 0, 'id': '597882025243967512', 'discriminator': '6508', 'bot': True, 'avatar': None}, 'attachments': [], 'guild_id': '882565389802946580'}}
2021-09-12 03:33:31,924:DEBUG:discord.client: Dispatching event socket_response
2021-09-12 03:33:31,924:DEBUG:discord.client: Dispatching event message
2021-09-12 03:33:31,951:DEBUG:discord.http: POST https://discord.com/api/v7/channels/884862058280132618/messages with {"embed":{"color":8388640,"type":"rich","description":"Hi"}} has returned 200
2021-09-12 03:33:31,952:DEBUG:discord.http: POST https://discord.com/api/v7/channels/884862058280132618/messages has received {'id': '886514852925956117', 'type': 0, 'content': '', 'channel_id': '884862058280132618', 'author': {'id': '597882025243967512', 'username': 'Sinister', 'avatar': None, 'discriminator': '6508', 'public_flags': 0, 'bot': True}, 'attachments': [], 'embeds': [{'type': 'rich', 'description': 'Hi', 'color': 8388640}], 'mentions': [], 'mention_roles': [], 'pinned': False, 'mention_everyone': False, 'tts': False, 'timestamp': '2021-09-12T07:33:31.587000+00:00', 'edited_timestamp': None, 'flags': 0, 'components': [], 'referenced_message': None}
2021-09-12 03:33:32,356:DEBUG:discord.client: Dispatching event socket_raw_receive
2021-09-12 03:33:32,356:DEBUG:discord.gateway: For Shard ID None: WebSocket Event: {'t': 'MESSAGE_REACTION_ADD', 's': 36, 'op': 0, 'd': {'user_id': '597882025243967512', 'message_id': '886514851340517377', 'member': {'user': {'username': 'Sinister', 'id': '597882025243967512', 'discriminator': '6508', 'bot': True, 'avatar': None}, 'roles': [], 'mute': False, 'joined_at': '2021-09-07T17:53:46.515000+00:00', 'hoisted_role': None, 'deaf': False}, 'emoji': {'name': '👍', 'id': None}, 'channel_id': '884862058280132618', 'guild_id': '882565389802946580'}}
2021-09-12 03:33:32,357:DEBUG:discord.client: Dispatching event socket_response
2021-09-12 03:33:32,357:DEBUG:discord.client: Dispatching event raw_reaction_add
2021-09-12 03:33:32,358:DEBUG:discord.client: Dispatching event reaction_add
2021-09-12 03:33:32,363:DEBUG:discord.http: PUT https://discord.com/api/v7/channels/884862058280132618/messages/886514851340517377/reactions/%F0%9F%91%8D/@me with None has returned 204
2021-09-12 03:33:32,363:DEBUG:discord.http: A rate limit bucket has been exhausted (bucket: 884862058280132618:None:/channels/{channel_id}/messages/{message_id}/reactions/{emoji}/@me, retry: 0.25).
2021-09-12 03:33:32,364:DEBUG:discord.http: PUT https://discord.com/api/v7/channels/884862058280132618/messages/886514851340517377/reactions/%F0%9F%91%8D/@me has received 
2021-09-12 03:33:32,364:DEBUG:discord.client: Dispatching event command_completion
2021-09-12 03:33:34,938:DEBUG:discord.client: Dispatching event socket_raw_receive
2021-09-12 03:33:34,938:DEBUG:discord.gateway: For Shard ID None: WebSocket Event: {'t': 'TYPING_START', 's': 37, 'op': 0, 'd': {'user_id': '339454502316933120', 'timestamp': 1631432014, 'member': {'user': {'username': 'Icemelting', 'id': '339454502316933120', 'discriminator': '8102', 'avatar': '810248bf76980a20ee61b8f708385dff'}, 'roles': ['885385456714407946'], 'mute': False, 'joined_at': '2021-09-01T09:59:46.210000+00:00', 'hoisted_role': None, 'deaf': False}, 'channel_id': '884862058280132618', 'guild_id': '882565389802946580'}}
2021-09-12 03:33:34,939:DEBUG:discord.client: Dispatching event socket_response
2021-09-12 03:33:34,939:DEBUG:discord.client: Dispatching event typing
2021-09-12 03:33:36,032:DEBUG:discord.client: Dispatching event socket_raw_receive
2021-09-12 03:33:36,033:DEBUG:discord.gateway: For Shard ID None: WebSocket Event: {'t': 'MESSAGE_CREATE', 's': 38, 'op': 0, 'd': {'type': 0, 'tts': False, 'timestamp': '2021-09-12T07:33:35.862000+00:00', 'referenced_message': None, 'pinned': False, 'nonce': '886514869795291136', 'mentions': [], 'mention_roles': [], 'mention_everyone': False, 'member': {'roles': ['885385456714407946'], 'mute': False, 'joined_at': '2021-09-01T09:59:46.210000+00:00', 'hoisted_role': None, 'deaf': False}, 'id': '886514870856597514', 'flags': 0, 'embeds': [], 'edited_timestamp': None, 'content': '!channel', 'components': [], 'channel_id': '884862058280132618', 'author': {'username': 'Icemelting', 'public_flags': 0, 'id': '339454502316933120', 'discriminator': '8102', 'avatar': '810248bf76980a20ee61b8f708385dff'}, 'attachments': [], 'guild_id': '882565389802946580'}}
2021-09-12 03:33:36,034:DEBUG:discord.client: Dispatching event socket_response
2021-09-12 03:33:36,035:DEBUG:discord.client: Dispatching event message
2021-09-12 03:33:36,035:DEBUG:discord.client: Dispatching event command_error
2021-09-12 03:33:38,725:DEBUG:discord.gateway: Keeping shard ID None websocket alive with sequence 38.
2021-09-12 03:33:39,047:DEBUG:discord.client: Dispatching event socket_raw_receive
2021-09-12 03:33:39,048:DEBUG:discord.gateway: For Shard ID None: WebSocket Event: {'t': None, 's': None, 'op': 11, 'd': None}
2021-09-12 03:33:39,048:DEBUG:discord.client: Dispatching event socket_response
2021-09-12 03:33:39,149:DEBUG:discord.client: Dispatching event socket_raw_receive
2021-09-12 03:33:39,149:DEBUG:discord.gateway: For Shard ID None: WebSocket Event: {'t': 'TYPING_START', 's': 39, 'op': 0, 'd': {'user_id': '339454502316933120', 'timestamp': 1631432019, 'member': {'user': {'username': 'Icemelting', 'id': '339454502316933120', 'discriminator': '8102', 'avatar': '810248bf76980a20ee61b8f708385dff'}, 'roles': ['885385456714407946'], 'mute': False, 'joined_at': '2021-09-01T09:59:46.210000+00:00', 'hoisted_role': None, 'deaf': False}, 'channel_id': '884862058280132618', 'guild_id': '882565389802946580'}}
2021-09-12 03:33:39,150:DEBUG:discord.client: Dispatching event socket_response
2021-09-12 03:33:39,150:DEBUG:discord.client: Dispatching event typing
2021-09-12 03:33:40,903:DEBUG:discord.client: Dispatching event socket_raw_receive
2021-09-12 03:33:40,904:DEBUG:discord.gateway: For Shard ID None: WebSocket Event: {'t': 'MESSAGE_CREATE', 's': 40, 'op': 0, 'd': {'type': 0, 'tts': False, 'timestamp': '2021-09-12T07:33:40.738000+00:00', 'referenced_message': None, 'pinned': False, 'nonce': '886514890276077568', 'mentions': [], 'mention_roles': [], 'mention_everyone': False, 'member': {'roles': ['885385456714407946'], 'mute': False, 'joined_at': '2021-09-01T09:59:46.210000+00:00', 'hoisted_role': None, 'deaf': False}, 'id': '886514891308040202', 'flags': 0, 'embeds': [], 'edited_timestamp': None, 'content': '!reset channel', 'components': [], 'channel_id': '884862058280132618', 'author': {'username': 'Icemelting', 'public_flags': 0, 'id': '339454502316933120', 'discriminator': '8102', 'avatar': '810248bf76980a20ee61b8f708385dff'}, 'attachments': [], 'guild_id': '882565389802946580'}}
2021-09-12 03:33:40,904:DEBUG:discord.client: Dispatching event socket_response
2021-09-12 03:33:40,905:DEBUG:discord.client: Dispatching event message
2021-09-12 03:33:40,906:DEBUG:discord.client: Dispatching event command_error
2021-09-12 03:33:43,587:DEBUG:discord.client: Dispatching event socket_raw_receive
2021-09-12 03:33:43,588:DEBUG:discord.gateway: For Shard ID None: WebSocket Event: {'t': 'TYPING_START', 's': 41, 'op': 0, 'd': {'user_id': '339454502316933120', 'timestamp': 1631432023, 'member': {'user': {'username': 'Icemelting', 'id': '339454502316933120', 'discriminator': '8102', 'avatar': '810248bf76980a20ee61b8f708385dff'}, 'roles': ['885385456714407946'], 'mute': False, 'joined_at': '2021-09-01T09:59:46.210000+00:00', 'hoisted_role': None, 'deaf': False}, 'channel_id': '884862058280132618', 'guild_id': '882565389802946580'}}
2021-09-12 03:33:43,588:DEBUG:discord.client: Dispatching event socket_response
2021-09-12 03:33:43,589:DEBUG:discord.client: Dispatching event typing
2021-09-12 03:33:45,266:DEBUG:discord.client: Dispatching event socket_raw_receive
2021-09-12 03:33:45,267:DEBUG:discord.gateway: For Shard ID None: WebSocket Event: {'t': 'MESSAGE_CREATE', 's': 42, 'op': 0, 'd': {'type': 0, 'tts': False, 'timestamp': '2021-09-12T07:33:45.117000+00:00', 'referenced_message': None, 'pinned': False, 'nonce': '886514908680683520', 'mentions': [], 'mention_roles': [], 'mention_everyone': False, 'member': {'roles': ['885385456714407946'], 'mute': False, 'joined_at': '2021-09-01T09:59:46.210000+00:00', 'hoisted_role': None, 'deaf': False}, 'id': '886514909674881034', 'flags': 0, 'embeds': [], 'edited_timestamp': None, 'content': '!reset prefix', 'components': [], 'channel_id': '884862058280132618', 'author': {'username': 'Icemelting', 'public_flags': 0, 'id': '339454502316933120', 'discriminator': '8102', 'avatar': '810248bf76980a20ee61b8f708385dff'}, 'attachments': [], 'guild_id': '882565389802946580'}}
2021-09-12 03:33:45,267:DEBUG:discord.client: Dispatching event socket_response
2021-09-12 03:33:45,268:DEBUG:discord.client: Dispatching event message
2021-09-12 03:33:45,269:DEBUG:discord.client: Dispatching event command_error
2021-09-12 03:33:47,823:DEBUG:discord.client: Dispatching event socket_raw_receive
2021-09-12 03:33:47,824:DEBUG:discord.gateway: For Shard ID None: WebSocket Event: {'t': 'TYPING_START', 's': 43, 'op': 0, 'd': {'user_id': '339454502316933120', 'timestamp': 1631432027, 'member': {'user': {'username': 'Icemelting', 'id': '339454502316933120', 'discriminator': '8102', 'avatar': '810248bf76980a20ee61b8f708385dff'}, 'roles': ['885385456714407946'], 'mute': False, 'joined_at': '2021-09-01T09:59:46.210000+00:00', 'hoisted_role': None, 'deaf': False}, 'channel_id': '884862058280132618', 'guild_id': '882565389802946580'}}
2021-09-12 03:33:47,824:DEBUG:discord.client: Dispatching event socket_response
2021-09-12 03:33:47,824:DEBUG:discord.client: Dispatching event typing
2021-09-12 03:33:47,918:DEBUG:discord.client: Dispatching event socket_raw_receive
2021-09-12 03:33:47,919:DEBUG:discord.gateway: For Shard ID None: WebSocket Event: {'t': 'MESSAGE_CREATE', 's': 44, 'op': 0, 'd': {'type': 0, 'tts': False, 'timestamp': '2021-09-12T07:33:47.760000+00:00', 'referenced_message': None, 'pinned': False, 'nonce': '886514919799783424', 'mentions': [], 'mention_roles': [], 'mention_everyone': False, 'member': {'roles': ['885385456714407946'], 'mute': False, 'joined_at': '2021-09-01T09:59:46.210000+00:00', 'hoisted_role': None, 'deaf': False}, 'id': '886514920760442911', 'flags': 0, 'embeds': [], 'edited_timestamp': None, 'content': '!prefix', 'components': [], 'channel_id': '884862058280132618', 'author': {'username': 'Icemelting', 'public_flags': 0, 'id': '339454502316933120', 'discriminator': '8102', 'avatar': '810248bf76980a20ee61b8f708385dff'}, 'attachments': [], 'guild_id': '882565389802946580'}}
2021-09-12 03:33:47,919:DEBUG:discord.client: Dispatching event socket_response
2021-09-12 03:33:47,920:DEBUG:discord.client: Dispatching event message
2021-09-12 03:33:47,921:DEBUG:discord.client: Dispatching event command_error
2021-09-12 03:33:50,566:DEBUG:discord.client: Dispatching event socket_raw_receive
2021-09-12 03:33:50,567:DEBUG:discord.gateway: For Shard ID None: WebSocket Event: {'t': 'TYPING_START', 's': 45, 'op': 0, 'd': {'user_id': '339454502316933120', 'timestamp': 1631432030, 'member': {'user': {'username': 'Icemelting', 'id': '339454502316933120', 'discriminator': '8102', 'avatar': '810248bf76980a20ee61b8f708385dff'}, 'roles': ['885385456714407946'], 'mute': False, 'joined_at': '2021-09-01T09:59:46.210000+00:00', 'hoisted_role': None, 'deaf': False}, 'channel_id': '884862058280132618', 'guild_id': '882565389802946580'}}
2021-09-12 03:33:50,568:DEBUG:discord.client: Dispatching event socket_response
2021-09-12 03:33:50,568:DEBUG:discord.client: Dispatching event typing
2021-09-12 03:34:00,566:DEBUG:discord.client: Dispatching event socket_raw_receive
2021-09-12 03:34:00,567:DEBUG:discord.gateway: For Shard ID None: WebSocket Event: {'t': 'MESSAGE_CREATE', 's': 46, 'op': 0, 'd': {'type': 0, 'tts': False, 'timestamp': '2021-09-12T07:34:00.407000+00:00', 'referenced_message': None, 'pinned': False, 'nonce': '886514972677373952', 'mentions': [], 'mention_roles': [], 'mention_everyone': False, 'member': {'roles': ['885385456714407946'], 'mute': False, 'joined_at': '2021-09-01T09:59:46.210000+00:00', 'hoisted_role': None, 'deaf': False}, 'id': '886514973805805588', 'flags': 0, 'embeds': [], 'edited_timestamp': None, 'content': '!set channel 884862058280132618', 'components': [], 'channel_id': '884862058280132618', 'author': {'username': 'Icemelting', 'public_flags': 0, 'id': '339454502316933120', 'discriminator': '8102', 'avatar': '810248bf76980a20ee61b8f708385dff'}, 'attachments': [], 'guild_id': '882565389802946580'}}
2021-09-12 03:34:00,567:DEBUG:discord.client: Dispatching event socket_response
2021-09-12 03:34:00,568:DEBUG:discord.client: Dispatching event message
2021-09-12 03:34:00,568:DEBUG:discord.client: Dispatching event command
2021-09-12 03:34:01,089:DEBUG:discord.client: Dispatching event socket_raw_receive
2021-09-12 03:34:01,090:DEBUG:discord.gateway: For Shard ID None: WebSocket Event: {'t': 'MESSAGE_CREATE', 's': 47, 'op': 0, 'd': {'type': 0, 'tts': False, 'timestamp': '2021-09-12T07:34:00.900000+00:00', 'referenced_message': None, 'pinned': False, 'mentions': [], 'mention_roles': [], 'mention_everyone': False, 'member': {'roles': [], 'mute': False, 'joined_at': '2021-09-07T17:53:46.515000+00:00', 'hoisted_role': None, 'deaf': False}, 'id': '886514975873589249', 'flags': 0, 'embeds': [{'type': 'rich', 'description': 'Channel Set', 'color': 8388640}], 'edited_timestamp': None, 'content': '', 'components': [], 'channel_id': '884862058280132618', 'author': {'username': 'Sinister', 'public_flags': 0, 'id': '597882025243967512', 'discriminator': '6508', 'bot': True, 'avatar': None}, 'attachments': [], 'guild_id': '882565389802946580'}}
2021-09-12 03:34:01,090:DEBUG:discord.client: Dispatching event socket_response
2021-09-12 03:34:01,091:DEBUG:discord.client: Dispatching event message
2021-09-12 03:34:01,101:DEBUG:discord.http: POST https://discord.com/api/v7/channels/884862058280132618/messages with {"embed":{"color":8388640,"type":"rich","description":"Channel Set"}} has returned 200
2021-09-12 03:34:01,103:DEBUG:discord.http: POST https://discord.com/api/v7/channels/884862058280132618/messages has received {'id': '886514975873589249', 'type': 0, 'content': '', 'channel_id': '884862058280132618', 'author': {'id': '597882025243967512', 'username': 'Sinister', 'avatar': None, 'discriminator': '6508', 'public_flags': 0, 'bot': True}, 'attachments': [], 'embeds': [{'type': 'rich', 'description': 'Channel Set', 'color': 8388640}], 'mentions': [], 'mention_roles': [], 'pinned': False, 'mention_everyone': False, 'tts': False, 'timestamp': '2021-09-12T07:34:00.900000+00:00', 'edited_timestamp': None, 'flags': 0, 'components': [], 'referenced_message': None}
2021-09-12 03:34:01,511:DEBUG:discord.http: PUT https://discord.com/api/v7/channels/884862058280132618/messages/886514973805805588/reactions/%F0%9F%91%8D/@me with None has returned 204
2021-09-12 03:34:01,511:DEBUG:discord.http: A rate limit bucket has been exhausted (bucket: 884862058280132618:None:/channels/{channel_id}/messages/{message_id}/reactions/{emoji}/@me, retry: 0.25).
2021-09-12 03:34:01,511:DEBUG:discord.http: PUT https://discord.com/api/v7/channels/884862058280132618/messages/886514973805805588/reactions/%F0%9F%91%8D/@me has received 
2021-09-12 03:34:01,512:DEBUG:discord.client: Dispatching event command_completion
2021-09-12 03:34:01,522:DEBUG:discord.client: Dispatching event socket_raw_receive
2021-09-12 03:34:01,523:DEBUG:discord.gateway: For Shard ID None: WebSocket Event: {'t': 'MESSAGE_REACTION_ADD', 's': 48, 'op': 0, 'd': {'user_id': '597882025243967512', 'message_id': '886514973805805588', 'member': {'user': {'username': 'Sinister', 'id': '597882025243967512', 'discriminator': '6508', 'bot': True, 'avatar': None}, 'roles': [], 'mute': False, 'joined_at': '2021-09-07T17:53:46.515000+00:00', 'hoisted_role': None, 'deaf': False}, 'emoji': {'name': '👍', 'id': None}, 'channel_id': '884862058280132618', 'guild_id': '882565389802946580'}}
2021-09-12 03:34:01,524:DEBUG:discord.client: Dispatching event socket_response
2021-09-12 03:34:01,525:DEBUG:discord.client: Dispatching event raw_reaction_add
2021-09-12 03:34:01,525:DEBUG:discord.client: Dispatching event reaction_add
2021-09-12 03:34:05,204:DEBUG:discord.client: Dispatching event socket_raw_receive
2021-09-12 03:34:05,205:DEBUG:discord.gateway: For Shard ID None: WebSocket Event: {'t': 'TYPING_START', 's': 49, 'op': 0, 'd': {'user_id': '339454502316933120', 'timestamp': 1631432045, 'member': {'user': {'username': 'Icemelting', 'id': '339454502316933120', 'discriminator': '8102', 'avatar': '810248bf76980a20ee61b8f708385dff'}, 'roles': ['885385456714407946'], 'mute': False, 'joined_at': '2021-09-01T09:59:46.210000+00:00', 'hoisted_role': None, 'deaf': False}, 'channel_id': '884862058280132618', 'guild_id': '882565389802946580'}}
2021-09-12 03:34:05,206:DEBUG:discord.client: Dispatching event socket_response
2021-09-12 03:34:05,207:DEBUG:discord.client: Dispatching event typing
2021-09-12 03:34:05,611:DEBUG:discord.client: Dispatching event socket_raw_receive
2021-09-12 03:34:05,612:DEBUG:discord.gateway: For Shard ID None: WebSocket Event: {'t': 'MESSAGE_CREATE', 's': 50, 'op': 0, 'd': {'type': 0, 'tts': False, 'timestamp': '2021-09-12T07:34:05.464000+00:00', 'referenced_message': None, 'pinned': False, 'nonce': '886514993992826880', 'mentions': [], 'mention_roles': [], 'mention_everyone': False, 'member': {'roles': ['885385456714407946'], 'mute': False, 'joined_at': '2021-09-01T09:59:46.210000+00:00', 'hoisted_role': None, 'deaf': False}, 'id': '886514995016392734', 'flags': 0, 'embeds': [], 'edited_timestamp': None, 'content': '?channel', 'components': [], 'channel_id': '884862058280132618', 'author': {'username': 'Icemelting', 'public_flags': 0, 'id': '339454502316933120', 'discriminator': '8102', 'avatar': '810248bf76980a20ee61b8f708385dff'}, 'attachments': [], 'guild_id': '882565389802946580'}}
2021-09-12 03:34:05,612:DEBUG:discord.client: Dispatching event socket_response
2021-09-12 03:34:05,612:DEBUG:discord.client: Dispatching event message
2021-09-12 03:34:05,975:DEBUG:discord.client: Dispatching event socket_raw_receive
2021-09-12 03:34:05,976:DEBUG:discord.gateway: For Shard ID None: WebSocket Event: {'t': 'MESSAGE_CREATE', 's': 51, 'op': 0, 'd': {'type': 0, 'tts': False, 'timestamp': '2021-09-12T07:34:05.827000+00:00', 'referenced_message': None, 'pinned': False, 'mentions': [], 'mention_roles': [], 'mention_everyone': False, 'member': {'roles': [], 'mute': False, 'joined_at': '2021-09-07T17:53:46.515000+00:00', 'hoisted_role': None, 'deaf': False}, 'id': '886514996538904586', 'flags': 0, 'embeds': [{'type': 'rich', 'title': 'Set Channel:', 'description': 'playground', 'color': 8388640}], 'edited_timestamp': None, 'content': '', 'components': [], 'channel_id': '884862058280132618', 'author': {'username': 'Sinister', 'public_flags': 0, 'id': '597882025243967512', 'discriminator': '6508', 'bot': True, 'avatar': None}, 'attachments': [], 'guild_id': '882565389802946580'}}
2021-09-12 03:34:05,977:DEBUG:discord.client: Dispatching event socket_response
2021-09-12 03:34:05,978:DEBUG:discord.client: Dispatching event message
2021-09-12 03:34:05,994:DEBUG:discord.http: POST https://discord.com/api/v7/channels/884862058280132618/messages with {"embed":{"color":8388640,"type":"rich","description":"playground","title":"Set Channel:"}} has returned 200
2021-09-12 03:34:05,994:DEBUG:discord.http: POST https://discord.com/api/v7/channels/884862058280132618/messages has received {'id': '886514996538904586', 'type': 0, 'content': '', 'channel_id': '884862058280132618', 'author': {'id': '597882025243967512', 'username': 'Sinister', 'avatar': None, 'discriminator': '6508', 'public_flags': 0, 'bot': True}, 'attachments': [], 'embeds': [{'type': 'rich', 'title': 'Set Channel:', 'description': 'playground', 'color': 8388640}], 'mentions': [], 'mention_roles': [], 'pinned': False, 'mention_everyone': False, 'tts': False, 'timestamp': '2021-09-12T07:34:05.827000+00:00', 'edited_timestamp': None, 'flags': 0, 'components': [], 'referenced_message': None}
2021-09-12 03:34:06,422:DEBUG:discord.http: PUT https://discord.com/api/v7/channels/884862058280132618/messages/886514995016392734/reactions/%F0%9F%91%8D/@me with None has returned 204
2021-09-12 03:34:06,422:DEBUG:discord.http: A rate limit bucket has been exhausted (bucket: 884862058280132618:None:/channels/{channel_id}/messages/{message_id}/reactions/{emoji}/@me, retry: 0.25).
2021-09-12 03:34:06,422:DEBUG:discord.http: PUT https://discord.com/api/v7/channels/884862058280132618/messages/886514995016392734/reactions/%F0%9F%91%8D/@me has received 
2021-09-12 03:34:06,438:DEBUG:discord.client: Dispatching event socket_raw_receive
2021-09-12 03:34:06,439:DEBUG:discord.gateway: For Shard ID None: WebSocket Event: {'t': 'MESSAGE_REACTION_ADD', 's': 52, 'op': 0, 'd': {'user_id': '597882025243967512', 'message_id': '886514995016392734', 'member': {'user': {'username': 'Sinister', 'id': '597882025243967512', 'discriminator': '6508', 'bot': True, 'avatar': None}, 'roles': [], 'mute': False, 'joined_at': '2021-09-07T17:53:46.515000+00:00', 'hoisted_role': None, 'deaf': False}, 'emoji': {'name': '👍', 'id': None}, 'channel_id': '884862058280132618', 'guild_id': '882565389802946580'}}
2021-09-12 03:34:06,440:DEBUG:discord.client: Dispatching event socket_response
2021-09-12 03:34:06,440:DEBUG:discord.client: Dispatching event raw_reaction_add
2021-09-12 03:34:06,441:DEBUG:discord.client: Dispatching event reaction_add
2021-09-12 03:34:15,970:DEBUG:discord.client: Dispatching event socket_raw_receive
2021-09-12 03:34:15,971:DEBUG:discord.gateway: For Shard ID None: WebSocket Event: {'t': 'MESSAGE_CREATE', 's': 53, 'op': 0, 'd': {'type': 0, 'tts': False, 'timestamp': '2021-09-12T07:34:15.817000+00:00', 'referenced_message': None, 'pinned': False, 'nonce': '886515037445816320', 'mentions': [], 'mention_roles': [], 'mention_everyone': False, 'member': {'roles': ['885385456714407946'], 'mute': False, 'joined_at': '2021-09-01T09:59:46.210000+00:00', 'hoisted_role': None, 'deaf': False}, 'id': '886515038440013824', 'flags': 0, 'embeds': [], 'edited_timestamp': None, 'content': '?prefix', 'components': [], 'channel_id': '884862058280132618', 'author': {'username': 'Icemelting', 'public_flags': 0, 'id': '339454502316933120', 'discriminator': '8102', 'avatar': '810248bf76980a20ee61b8f708385dff'}, 'attachments': [], 'guild_id': '882565389802946580'}}
2021-09-12 03:34:15,971:DEBUG:discord.client: Dispatching event socket_response
2021-09-12 03:34:15,972:DEBUG:discord.client: Dispatching event message
2021-09-12 03:34:16,378:DEBUG:discord.client: Dispatching event socket_raw_receive
2021-09-12 03:34:16,379:DEBUG:discord.gateway: For Shard ID None: WebSocket Event: {'t': 'MESSAGE_CREATE', 's': 54, 'op': 0, 'd': {'type': 0, 'tts': False, 'timestamp': '2021-09-12T07:34:16.215000+00:00', 'referenced_message': None, 'pinned': False, 'mentions': [], 'mention_roles': [], 'mention_everyone': False, 'member': {'roles': [], 'mute': False, 'joined_at': '2021-09-07T17:53:46.515000+00:00', 'hoisted_role': None, 'deaf': False}, 'id': '886515040109334599', 'flags': 0, 'embeds': [{'type': 'rich', 'title': 'Prefix:', 'description': '!', 'color': 8388640}], 'edited_timestamp': None, 'content': '', 'components': [], 'channel_id': '884862058280132618', 'author': {'username': 'Sinister', 'public_flags': 0, 'id': '597882025243967512', 'discriminator': '6508', 'bot': True, 'avatar': None}, 'attachments': [], 'guild_id': '882565389802946580'}}
2021-09-12 03:34:16,379:DEBUG:discord.client: Dispatching event socket_response
2021-09-12 03:34:16,380:DEBUG:discord.client: Dispatching event message
2021-09-12 03:34:16,402:DEBUG:discord.http: POST https://discord.com/api/v7/channels/884862058280132618/messages with {"embed":{"color":8388640,"type":"rich","description":"!","title":"Prefix:"}} has returned 200
2021-09-12 03:34:16,403:DEBUG:discord.http: POST https://discord.com/api/v7/channels/884862058280132618/messages has received {'id': '886515040109334599', 'type': 0, 'content': '', 'channel_id': '884862058280132618', 'author': {'id': '597882025243967512', 'username': 'Sinister', 'avatar': None, 'discriminator': '6508', 'public_flags': 0, 'bot': True}, 'attachments': [], 'embeds': [{'type': 'rich', 'title': 'Prefix:', 'description': '!', 'color': 8388640}], 'mentions': [], 'mention_roles': [], 'pinned': False, 'mention_everyone': False, 'tts': False, 'timestamp': '2021-09-12T07:34:16.215000+00:00', 'edited_timestamp': None, 'flags': 0, 'components': [], 'referenced_message': None}
2021-09-12 03:34:16,800:DEBUG:discord.client: Dispatching event socket_raw_receive
2021-09-12 03:34:16,801:DEBUG:discord.gateway: For Shard ID None: WebSocket Event: {'t': 'MESSAGE_REACTION_ADD', 's': 55, 'op': 0, 'd': {'user_id': '597882025243967512', 'message_id': '886515038440013824', 'member': {'user': {'username': 'Sinister', 'id': '597882025243967512', 'discriminator': '6508', 'bot': True, 'avatar': None}, 'roles': [], 'mute': False, 'joined_at': '2021-09-07T17:53:46.515000+00:00', 'hoisted_role': None, 'deaf': False}, 'emoji': {'name': '👍', 'id': None}, 'channel_id': '884862058280132618', 'guild_id': '882565389802946580'}}
2021-09-12 03:34:16,801:DEBUG:discord.client: Dispatching event socket_response
2021-09-12 03:34:16,801:DEBUG:discord.client: Dispatching event raw_reaction_add
2021-09-12 03:34:16,801:DEBUG:discord.client: Dispatching event reaction_add
2021-09-12 03:34:16,809:DEBUG:discord.http: PUT https://discord.com/api/v7/channels/884862058280132618/messages/886515038440013824/reactions/%F0%9F%91%8D/@me with None has returned 204
2021-09-12 03:34:16,810:DEBUG:discord.http: A rate limit bucket has been exhausted (bucket: 884862058280132618:None:/channels/{channel_id}/messages/{message_id}/reactions/{emoji}/@me, retry: 0.25).
2021-09-12 03:34:16,810:DEBUG:discord.http: PUT https://discord.com/api/v7/channels/884862058280132618/messages/886515038440013824/reactions/%F0%9F%91%8D/@me has received 
2021-09-12 03:34:19,013:DEBUG:discord.client: Dispatching event socket_raw_receive
2021-09-12 03:34:19,014:DEBUG:discord.gateway: For Shard ID None: WebSocket Event: {'t': 'TYPING_START', 's': 56, 'op': 0, 'd': {'user_id': '339454502316933120', 'timestamp': 1631432058, 'member': {'user': {'username': 'Icemelting', 'id': '339454502316933120', 'discriminator': '8102', 'avatar': '810248bf76980a20ee61b8f708385dff'}, 'roles': ['885385456714407946'], 'mute': False, 'joined_at': '2021-09-01T09:59:46.210000+00:00', 'hoisted_role': None, 'deaf': False}, 'channel_id': '884862058280132618', 'guild_id': '882565389802946580'}}
2021-09-12 03:34:19,014:DEBUG:discord.client: Dispatching event socket_response
2021-09-12 03:34:19,014:DEBUG:discord.client: Dispatching event typing
2021-09-12 03:34:19,976:DEBUG:discord.gateway: Keeping shard ID None websocket alive with sequence 56.
2021-09-12 03:34:20,051:DEBUG:discord.client: Dispatching event socket_raw_receive
2021-09-12 03:34:20,052:DEBUG:discord.gateway: For Shard ID None: WebSocket Event: {'t': 'MESSAGE_CREATE', 's': 57, 'op': 0, 'd': {'type': 0, 'tts': False, 'timestamp': '2021-09-12T07:34:19.903000+00:00', 'referenced_message': None, 'pinned': False, 'nonce': '886515054583742464', 'mentions': [], 'mention_roles': [], 'mention_everyone': False, 'member': {'roles': ['885385456714407946'], 'mute': False, 'joined_at': '2021-09-01T09:59:46.210000+00:00', 'hoisted_role': None, 'deaf': False}, 'id': '886515055577935932', 'flags': 0, 'embeds': [], 'edited_timestamp': None, 'content': '?reset prefix', 'components': [], 'channel_id': '884862058280132618', 'author': {'username': 'Icemelting', 'public_flags': 0, 'id': '339454502316933120', 'discriminator': '8102', 'avatar': '810248bf76980a20ee61b8f708385dff'}, 'attachments': [], 'guild_id': '882565389802946580'}}
2021-09-12 03:34:20,052:DEBUG:discord.client: Dispatching event socket_response
2021-09-12 03:34:20,053:DEBUG:discord.client: Dispatching event message
2021-09-12 03:34:20,293:DEBUG:discord.client: Dispatching event socket_raw_receive
2021-09-12 03:34:20,294:DEBUG:discord.gateway: For Shard ID None: WebSocket Event: {'t': None, 's': None, 'op': 11, 'd': None}
2021-09-12 03:34:20,294:DEBUG:discord.client: Dispatching event socket_response
2021-09-12 03:34:20,480:DEBUG:discord.client: Dispatching event socket_raw_receive
2021-09-12 03:34:20,481:DEBUG:discord.gateway: For Shard ID None: WebSocket Event: {'t': 'MESSAGE_REACTION_ADD', 's': 58, 'op': 0, 'd': {'user_id': '597882025243967512', 'message_id': '886515055577935932', 'member': {'user': {'username': 'Sinister', 'id': '597882025243967512', 'discriminator': '6508', 'bot': True, 'avatar': None}, 'roles': [], 'mute': False, 'joined_at': '2021-09-07T17:53:46.515000+00:00', 'hoisted_role': None, 'deaf': False}, 'emoji': {'name': '👍', 'id': None}, 'channel_id': '884862058280132618', 'guild_id': '882565389802946580'}}
2021-09-12 03:34:20,481:DEBUG:discord.client: Dispatching event socket_response
2021-09-12 03:34:20,482:DEBUG:discord.client: Dispatching event raw_reaction_add
2021-09-12 03:34:20,483:DEBUG:discord.client: Dispatching event reaction_add
2021-09-12 03:34:20,484:DEBUG:discord.http: PUT https://discord.com/api/v7/channels/884862058280132618/messages/886515055577935932/reactions/%F0%9F%91%8D/@me with None has returned 204
2021-09-12 03:34:20,484:DEBUG:discord.http: A rate limit bucket has been exhausted (bucket: 884862058280132618:None:/channels/{channel_id}/messages/{message_id}/reactions/{emoji}/@me, retry: 0.25).
2021-09-12 03:34:20,485:DEBUG:discord.http: PUT https://discord.com/api/v7/channels/884862058280132618/messages/886515055577935932/reactions/%F0%9F%91%8D/@me has received 
2021-09-12 03:34:24,131:DEBUG:discord.client: Dispatching event socket_raw_receive
2021-09-12 03:34:24,132:DEBUG:discord.gateway: For Shard ID None: WebSocket Event: {'t': 'MESSAGE_CREATE', 's': 59, 'op': 0, 'd': {'type': 0, 'tts': False, 'timestamp': '2021-09-12T07:34:23.892000+00:00', 'referenced_message': None, 'pinned': False, 'nonce': '886515071658754048', 'mentions': [], 'mention_roles': [], 'mention_everyone': False, 'member': {'roles': ['885385456714407946'], 'mute': False, 'joined_at': '2021-09-01T09:59:46.210000+00:00', 'hoisted_role': None, 'deaf': False}, 'id': '886515072309002251', 'flags': 0, 'embeds': [], 'edited_timestamp': None, 'content': '?prefix', 'components': [], 'channel_id': '884862058280132618', 'author': {'username': 'Icemelting', 'public_flags': 0, 'id': '339454502316933120', 'discriminator': '8102', 'avatar': '810248bf76980a20ee61b8f708385dff'}, 'attachments': [], 'guild_id': '882565389802946580'}}
2021-09-12 03:34:24,132:DEBUG:discord.client: Dispatching event socket_response
2021-09-12 03:34:24,133:DEBUG:discord.client: Dispatching event message
2021-09-12 03:34:24,542:DEBUG:discord.client: Dispatching event socket_raw_receive
2021-09-12 03:34:24,542:DEBUG:discord.gateway: For Shard ID None: WebSocket Event: {'t': 'MESSAGE_CREATE', 's': 60, 'op': 0, 'd': {'type': 0, 'tts': False, 'timestamp': '2021-09-12T07:34:24.358000+00:00', 'referenced_message': None, 'pinned': False, 'mentions': [], 'mention_roles': [], 'mention_everyone': False, 'member': {'roles': [], 'mute': False, 'joined_at': '2021-09-07T17:53:46.515000+00:00', 'hoisted_role': None, 'deaf': False}, 'id': '886515074263580743', 'flags': 0, 'embeds': [{'type': 'rich', 'title': 'Prefix:', 'description': '/sc', 'color': 8388640}], 'edited_timestamp': None, 'content': '', 'components': [], 'channel_id': '884862058280132618', 'author': {'username': 'Sinister', 'public_flags': 0, 'id': '597882025243967512', 'discriminator': '6508', 'bot': True, 'avatar': None}, 'attachments': [], 'guild_id': '882565389802946580'}}
2021-09-12 03:34:24,543:DEBUG:discord.client: Dispatching event socket_response
2021-09-12 03:34:24,543:DEBUG:discord.client: Dispatching event message
2021-09-12 03:34:24,561:DEBUG:discord.http: POST https://discord.com/api/v7/channels/884862058280132618/messages with {"embed":{"color":8388640,"type":"rich","description":"/sc","title":"Prefix:"}} has returned 200
2021-09-12 03:34:24,562:DEBUG:discord.http: POST https://discord.com/api/v7/channels/884862058280132618/messages has received {'id': '886515074263580743', 'type': 0, 'content': '', 'channel_id': '884862058280132618', 'author': {'id': '597882025243967512', 'username': 'Sinister', 'avatar': None, 'discriminator': '6508', 'public_flags': 0, 'bot': True}, 'attachments': [], 'embeds': [{'type': 'rich', 'title': 'Prefix:', 'description': '/sc', 'color': 8388640}], 'mentions': [], 'mention_roles': [], 'pinned': False, 'mention_everyone': False, 'tts': False, 'timestamp': '2021-09-12T07:34:24.358000+00:00', 'edited_timestamp': None, 'flags': 0, 'components': [], 'referenced_message': None}
2021-09-12 03:34:24,956:DEBUG:discord.http: PUT https://discord.com/api/v7/channels/884862058280132618/messages/886515072309002251/reactions/%F0%9F%91%8D/@me with None has returned 204
2021-09-12 03:34:24,956:DEBUG:discord.http: A rate limit bucket has been exhausted (bucket: 884862058280132618:None:/channels/{channel_id}/messages/{message_id}/reactions/{emoji}/@me, retry: 0.25).
2021-09-12 03:34:24,957:DEBUG:discord.http: PUT https://discord.com/api/v7/channels/884862058280132618/messages/886515072309002251/reactions/%F0%9F%91%8D/@me has received 
2021-09-12 03:34:24,965:DEBUG:discord.client: Dispatching event socket_raw_receive
2021-09-12 03:34:24,966:DEBUG:discord.gateway: For Shard ID None: WebSocket Event: {'t': 'MESSAGE_REACTION_ADD', 's': 61, 'op': 0, 'd': {'user_id': '597882025243967512', 'message_id': '886515072309002251', 'member': {'user': {'username': 'Sinister', 'id': '597882025243967512', 'discriminator': '6508', 'bot': True, 'avatar': None}, 'roles': [], 'mute': False, 'joined_at': '2021-09-07T17:53:46.515000+00:00', 'hoisted_role': None, 'deaf': False}, 'emoji': {'name': '👍', 'id': None}, 'channel_id': '884862058280132618', 'guild_id': '882565389802946580'}}
2021-09-12 03:34:24,966:DEBUG:discord.client: Dispatching event socket_response
2021-09-12 03:34:24,967:DEBUG:discord.client: Dispatching event raw_reaction_add
2021-09-12 03:34:24,968:DEBUG:discord.client: Dispatching event reaction_add
2021-09-12 03:35:01,227:DEBUG:discord.gateway: Keeping shard ID None websocket alive with sequence 61.
2021-09-12 03:35:01,553:DEBUG:discord.client: Dispatching event socket_raw_receive
2021-09-12 03:35:01,554:DEBUG:discord.gateway: For Shard ID None: WebSocket Event: {'t': None, 's': None, 'op': 11, 'd': None}
2021-09-12 03:35:01,555:DEBUG:discord.client: Dispatching event socket_response
2021-09-12 03:35:42,478:DEBUG:discord.gateway: Keeping shard ID None websocket alive with sequence 61.
2021-09-12 03:35:42,799:DEBUG:discord.client: Dispatching event socket_raw_receive
2021-09-12 03:35:42,799:DEBUG:discord.gateway: For Shard ID None: WebSocket Event: {'t': None, 's': None, 'op': 11, 'd': None}
2021-09-12 03:35:42,800:DEBUG:discord.client: Dispatching event socket_response
2021-09-12 03:36:23,731:DEBUG:discord.gateway: Keeping shard ID None websocket alive with sequence 61.
2021-09-12 03:36:24,053:DEBUG:discord.client: Dispatching event socket_raw_receive
2021-09-12 03:36:24,054:DEBUG:discord.gateway: For Shard ID None: WebSocket Event: {'t': None, 's': None, 'op': 11, 'd': None}
2021-09-12 03:36:24,055:DEBUG:discord.client: Dispatching event socket_response
2021-09-12 03:36:46,791:INFO:discord.client: Cleaning up tasks.
2021-09-12 03:36:46,792:INFO:discord.client: Cleaning up after 1 tasks.
2021-09-12 03:36:46,794:INFO:discord.client: All tasks finished cancelling.
2021-09-12 03:36:46,795:INFO:discord.client: Closing the event loop.
